SUCCESS - ***: Inverno.jpg - 105542 byte
SUCCESS - ***: Montanhas azuis.jpg - 28521 byte
SUCCESS - ***: Ninféias.jpg - 83794 byte
SUCCESS - ***: Pôr-do-sol.jpg - 71189 byte
SUCCESS - ***: Inverno.jpg - 105542 byte
SUCCESS - ***: Montanhas azuis.jpg - 28521 byte
SUCCESS - ***: Ninféias.jpg - 83794 byte
SUCCESS - ***: Pôr-do-sol.jpg - 71189 byte
SUCCESS - ***: Inverno.jpg - 105542 byte
SUCCESS - ***: Montanhas azuis.jpg - 28521 byte
SUCCESS - ***: Ninféias.jpg - 83794 byte
SUCCESS - ***: Pôr-do-sol.jpg - 71189 byte
SUCCESS - ***: Inverno.jpg - 105542 byte
SUCCESS - ***: Montanhas azuis.jpg - 28521 byte
SUCCESS - ***: Ninféias.jpg - 83794 byte
SUCCESS - ***: Pôr-do-sol.jpg - 71189 byte
SUCCESS - ***: Inverno.jpg - 105542 byte
SUCCESS - ***: Montanhas azuis.jpg - 28521 byte
SUCCESS - ***: Ninféias.jpg - 83794 byte
SUCCESS - ***: Pôr-do-sol.jpg - 71189 byte
SUCCESS - ***: 881.jpg - 63323 byte
SUCCESS - ***: 5655bb037d77f4df84002403d8dddf8825250.jpg - 9137 byte
SUCCESS - ***: 881.jpg - 63323 byte
SUCCESS - ***: ATYAAAB4YNJCaAg8U15coHwLfXbzK8Gb94H-9ENvlZDUKrAC4F6No6FPMW2CJAOOxcNr9mBo2NO_pnTqZ2MS8dYwoTvXAJtU9VDS9wBUu4u7EO-rScHKemEI4DgZ-g.jpg - 68262 byte
SUCCESS - ***: 3188.jpg - 47801 byte
SUCCESS - ***: 881.jpg - 63323 byte
SUCCESS - ***: ATYAAAB4YNJCaAg8U15coHwLfXbzK8Gb94H-9ENvlZDUKrAC4F6No6FPMW2CJAOOxcNr9mBo2NO_pnTqZ2MS8dYwoTvXAJtU9VDS9wBUu4u7EO-rScHKemEI4DgZ-g.jpg - 68262 byte
SUCCESS - ***: 881.jpg - 63323 byte
SUCCESS - ***: 5655bb037d77f4df84002403d8dddf8825250.jpg - 9137 byte
SUCCESS - ***: 881.jpg - 63323 byte
SUCCESS - ***: 881.jpg - 63323 byte
SUCCESS - ***: Inverno.jpg - 105542 byte
SUCCESS - ***: Montanhas azuis.jpg - 28521 byte
SUCCESS - ***: Pôr-do-sol.jpg - 71189 byte
SUCCESS - ***: Pôr-do-sol.jpg - 71189 byte
SUCCESS - ***: Montanhas azuis.jpg - 28521 byte
SUCCESS - ***: Pôr-do-sol.jpg - 71189 byte
SUCCESS - ***: Pôr-do-sol.jpg - 71189 byte
SUCCESS - ***: Montanhas azuis.jpg - 28521 byte
SUCCESS - ***: DSC00261.JPG - 1673641 byte
FAILED - ***: DSC00251.JPG - 2708050 byte
FAILED - ***: DSC00266.JPG - 2579553 byte
SUCCESS - ***: eu menor.jpg - 661023 byte
SUCCESS - ***: eu menor.jpg - 661023 byte
FAILED - ***: DSC00257.JPG - 2720889 byte
SUCCESS - ***: add.png - 2241 byte
SUCCESS - ***: Aldo (Medium).JPG - 34767 byte
SUCCESS - ***: enviar.png - 2245 byte
SUCCESS - ***: junior.png - 100681 byte
SUCCESS - ***: limpar.png - 2203 byte
FAILED - ***: 1304536445_3floppy_unmount.png - 1329 byte
SUCCESS - ***: add.png - 2241 byte
SUCCESS - ***: junior.png - 100681 byte
SUCCESS - ***: limpar.png - 2203 byte
SUCCESS - ***: limpar.png - 2203 byte
SUCCESS - ***: Aldo (Medium).JPG - 34767 byte
SUCCESS - ***: junior.png - 100681 byte
SUCCESS - ***: limpar.png - 2203 byte
SUCCESS - ***: Aldo (Medium).JPG - 34767 byte
SUCCESS - ***: junior.png - 100681 byte
SUCCESS - ***: limpar.png - 2203 byte
SUCCESS - ***: Aldo (Medium).JPG - 34767 byte
SUCCESS - ***: junior.png - 100681 byte
SUCCESS - ***: limpar.png - 2203 byte
SUCCESS - ***: Aldo (Medium).JPG - 34767 byte
SUCCESS - ***: junior.png - 100681 byte
SUCCESS - ***: limpar.png - 2203 byte
SUCCESS - ***: Aldo (Medium).JPG - 34767 byte
SUCCESS - ***: junior.png - 100681 byte
SUCCESS - ***: limpar.png - 2203 byte
SUCCESS - ***: Aldo (Medium).JPG - 34767 byte
SUCCESS - ***: junior.png - 100681 byte
SUCCESS - ***: limpar.png - 2203 byte
SUCCESS - ***: Aldo (Medium).JPG - 34767 byte
SUCCESS - ***: junior.png - 100681 byte
SUCCESS - ***: limpar.png - 2203 byte
SUCCESS - ***: Aldo (Medium).JPG - 34767 byte
SUCCESS - ***: junior.png - 100681 byte
SUCCESS - ***: limpar.png - 2203 byte
SUCCESS - ***: Aldo (Medium).JPG - 34767 byte
SUCCESS - ***: junior.png - 100681 byte
SUCCESS - ***: logo_intranet.png - 2189 byte
SUCCESS - ***: assinatura.png - 66377 byte
SUCCESS - ***: docdevicelogo.png - 103483 byte
SUCCESS - ***: footer_branco.png - 35342 byte
SUCCESS - ***: footer_preto.png - 35614 byte
SUCCESS - ***: gif.gif - 3091 byte
SUCCESS - ***: gif2.gif - 3661 byte
SUCCESS - ***: icone.png - 31580 byte
SUCCESS - ***: labdevicelogo.gif - 15095 byte
SUCCESS - ***: labdevicelogo.png - 161876 byte
SUCCESS - ***: logo.png - 57539 byte
SUCCESS - ***: logo2.png - 64217 byte
SUCCESS - ***: logo3.png - 51950 byte
SUCCESS - ***: Untitled-1.jpg - 2156 byte
SUCCESS - ***: Faixa1 Marcon.jpg - 92954 byte
SUCCESS - ***: lages e vacaria.JPG - 20893 byte
SUCCESS - ***: 1305111305287000130528700003590.jpg - 95840 byte
SUCCESS - ***: 1305111305287000130528700003590.jpg - 95840 byte
SUCCESS - ***: background (Small).png - 356388 byte
SUCCESS - ***: background (Small).png - 356388 byte
SUCCESS - ***: 1305111305287000130528700003590.jpg - 95840 byte
SUCCESS - ***: 1306151744_Weather.png - 4916 byte
SUCCESS - ***: 1306161418_net.png - 22783 byte
SUCCESS - ***: 1306170985_kview.png - 2166 byte
SUCCESS - ***: 1306171440_doc.png - 5820 byte
SUCCESS - ***: btn_visimg.png - 44417 byte
SUCCESS - ***: fundo_fone_fax.jpg - 13735 byte
SUCCESS - ***: fundo_fone_fax.png - 75475 byte
SUCCESS - ***: fundo_mapa.png - 123259 byte
SUCCESS - ***: 1309800630_Aqua Smooth Folder Works.png - 20902 byte
SUCCESS - ***: 1309801896_social_skype_box_blue.png - 9197 byte
SUCCESS - ***: 1309801902_social_facebook_box_blue.png - 7934 byte
SUCCESS - ***: 1309801906_social_twitter_box_blue.png - 8241 byte
SUCCESS - ***: 1309805678_button-orange.png - 667 byte
SUCCESS - ***: 1309805682_button-light-blue.png - 657 byte
SUCCESS - ***: 1309805703_button-yellow.png - 644 byte
SUCCESS - ***: 1309805707_button-white.png - 631 byte
FAILED - ***: 1309805836_konqsidebar_mediaplayer.png - 1002 byte
SUCCESS - ***: 1309805908_map.png - 1771 byte
FAILED - ***: 1309806292_applications-engineering.png - 1073 byte
SUCCESS - ***: 25051113063498831306349883bannerautimpex.jpg - 39741 byte
SUCCESS - ***: bispo.png - 99514 byte
SUCCESS - ***: domirineu.jpg - 28476 byte
SUCCESS - ***: hcs.jpg - 8233 byte
SUCCESS - ***: hcs.png - 49857 byte
SUCCESS - ***: NVLogo.jpg - 186473 byte
SUCCESS - ***: selo25anos.jpg - 12659 byte
SUCCESS - ***: selo 25 anos marcon.png - 238779 byte
SUCCESS - ***: Selo 25 anos Moper 3.jpg - 31635 byte
SUCCESS - ***: sem_foto.gif - 6603 byte
SUCCESS - ***: 1309800630_Aqua Smooth Folder Works.png - 20902 byte
SUCCESS - ***: 1309801896_social_skype_box_blue.png - 9197 byte
SUCCESS - ***: 1309801902_social_facebook_box_blue.png - 7934 byte
SUCCESS - ***: 1309801906_social_twitter_box_blue.png - 8241 byte
SUCCESS - ***: 1309805678_button-orange.png - 667 byte
SUCCESS - ***: 1309805682_button-light-blue.png - 657 byte
SUCCESS - ***: 1309805703_button-yellow.png - 644 byte
SUCCESS - ***: 1309805707_button-white.png - 631 byte
FAILED - ***: 1309805836_konqsidebar_mediaplayer.png - 1002 byte
SUCCESS - ***: 1309805908_map.png - 1771 byte
FAILED - ***: 1309806292_applications-engineering.png - 1073 byte
SUCCESS - ***: 25051113063498831306349883bannerautimpex.jpg - 39741 byte
SUCCESS - ***: bispo.png - 99514 byte
SUCCESS - ***: domirineu.jpg - 28476 byte
SUCCESS - ***: hcs.jpg - 8233 byte
SUCCESS - ***: hcs.png - 49857 byte
SUCCESS - ***: NVLogo.jpg - 186473 byte
SUCCESS - ***: selo25anos.jpg - 12659 byte
SUCCESS - ***: selo 25 anos marcon.png - 238779 byte
SUCCESS - ***: Selo 25 anos Moper 3.jpg - 31635 byte
SUCCESS - ***: sem_foto.gif - 6603 byte
SUCCESS - ***: Selo 25 anos Moper 3.jpg - 31635 byte
SUCCESS - ***: selo25anos.jpg - 12659 byte
SUCCESS - ***: selo 25 anos marcon.png - 238779 byte
SUCCESS - ***: Selo 25 anos Moper 3.jpg - 31635 byte
SUCCESS - ***: selo25anos.jpg - 12659 byte
SUCCESS - ***: selo 25 anos marcon.png - 238779 byte
SUCCESS - ***: 1309805682_button-light-blue.png - 657 byte
SUCCESS - ***: 1309801906_social_twitter_box_blue.png - 8241 byte
SUCCESS - ***: 1309805678_button-orange.png - 667 byte
SUCCESS - ***: 1309805707_button-white.png - 631 byte
SUCCESS - ***: Selo 25 anos Moper 3.jpg - 31635 byte
SUCCESS - ***: selo25anos.jpg - 12659 byte
SUCCESS - ***: selo 25 anos marcon.png - 238779 byte
SUCCESS - ***: 250.14.jpg - 13689 byte
SUCCESS - ***: 250.01.jpg - 15355 byte
SUCCESS - ***: 250.02.jpg - 12511 byte
SUCCESS - ***: 250.04.jpg - 13561 byte
SUCCESS - ***: 250.05.jpg - 13129 byte
SUCCESS - ***: 250.06.jpg - 12899 byte
SUCCESS - ***: 250.08.jpg - 12737 byte
SUCCESS - ***: 250.10.jpg - 13884 byte
SUCCESS - ***: 250.11.jpg - 12070 byte
SUCCESS - ***: 250.12.jpg - 15873 byte
SUCCESS - ***: 1324.jpg - 15935 byte
SUCCESS - ***: 1279.03.jpg - 18448 byte
SUCCESS - ***: 1280.03.jpg - 17726 byte
SUCCESS - ***: 1282.03.jpg - 17656 byte
SUCCESS - ***: 1284.jpg - 18687 byte
SUCCESS - ***: 1286.03.jpg - 19182 byte
SUCCESS - ***: 1294.03.jpg - 19704 byte
SUCCESS - ***: 1313.jpg - 21228 byte
SUCCESS - ***: 1314.03.jpg - 20907 byte
SUCCESS - ***: 1322.03.jpg - 29590 byte
SUCCESS - ***: 5524.03.jpg - 25174 byte
SUCCESS - ***: 5492.03.jpg - 21741 byte
SUCCESS - ***: 5502.jpg - 15596 byte
SUCCESS - ***: 5502.03.jpg - 15596 byte
SUCCESS - ***: 5503.03.jpg - 31013 byte
SUCCESS - ***: 5504.jpg - 14894 byte
SUCCESS - ***: 5504.03.jpg - 14894 byte
SUCCESS - ***: 5512.03.JPG - 22828 byte
SUCCESS - ***: 5514.03.jpg - 23679 byte
SUCCESS - ***: 5520.jpg - 16864 byte
SUCCESS - ***: 5520.03.jpg - 16864 byte
SUCCESS - ***: 5523.03.jpg - 25400 byte
SUCCESS - ***: 6597.jpg - 26030 byte
SUCCESS - ***: 6504.03.JPG - 25000 byte
SUCCESS - ***: 6520.03.jpg - 23684 byte
SUCCESS - ***: 6535.03.JPG - 24759 byte
SUCCESS - ***: 6542.03.jpg - 23837 byte
SUCCESS - ***: 6543.03.JPG - 24479 byte
SUCCESS - ***: 6546.03.jpg - 25892 byte
SUCCESS - ***: 6550.03.JPG - 25101 byte
SUCCESS - ***: 6582.03.jpg - 23735 byte
SUCCESS - ***: 6585.03.jpg - 31429 byte
SUCCESS - ***: 6596.03.jpg - 26411 byte
SUCCESS - ***.locaweb.com.br: sr-logo.jpg - 7880 byte
SUCCESS - ***.locaweb.com.br: sr_logo.gif - 3473 byte
SUCCESS - ***.locaweb.com.br: SR_logo.jpg - 11717 byte
SUCCESS - ***.locaweb.com.br: sr_logo_inverted.jpg - 23778 byte
FAILED - ***.fnsce701.e.brasiltelecom.net.br: DSC00050.JPG - 2915597 byte
FAILED - ***.fnsce701.e.brasiltelecom.net.br: DSC00051.JPG - 2786530 byte
SUCCESS - ***.fnsce701.e.brasiltelecom.net.br: DSC00050_2394x1795.jpg - 534393 byte
SUCCESS - ***.fnsce701.e.brasiltelecom.net.br: DSC00051_2394x1795.jpg - 624357 byte
SUCCESS - ***.fnsce701.e.brasiltelecom.net.br: DSC00048_2394x1795.jpg - 661127 byte
SUCCESS - ***.fnsce701.e.brasiltelecom.net.br: DSC00049_2394x1795.jpg - 630610 byte
SUCCESS - ***.fnsce701.e.brasiltelecom.net.br: DSC00016_1795x2394.jpg - 167763 byte
SUCCESS - ***.fnsce701.e.brasiltelecom.net.br: DSC00017_2394x1795.jpg - 205031 byte
SUCCESS - ***.fnsce701.e.brasiltelecom.net.br: DSC00018_1795x2394.jpg - 211275 byte
SUCCESS - ***.fnsce701.e.brasiltelecom.net.br: DSC00019_2394x1795.jpg - 174809 byte
SUCCESS - ***.fnsce701.e.brasiltelecom.net.br: DSC00020_2394x1795.jpg - 124276 byte
SUCCESS - ***.fnsce701.e.brasiltelecom.net.br: DSC00021_2394x1795.jpg - 144831 byte
SUCCESS - ***.fnsce701.e.brasiltelecom.net.br: DSC00022_2394x1795.jpg - 271101 byte
SUCCESS - ***.fnsce701.e.brasiltelecom.net.br: DSC00023_2394x1795.jpg - 387999 byte
SUCCESS - ***.fnsce701.e.brasiltelecom.net.br: DSC00024_2394x1795.jpg - 154733 byte
SUCCESS - ***.fnsce701.e.brasiltelecom.net.br: DSC00025_2394x1795.jpg - 232149 byte
SUCCESS - ***.fnsce701.e.brasiltelecom.net.br: DSC00026_2394x1795.jpg - 184045 byte
SUCCESS - ***.fnsce701.e.brasiltelecom.net.br: DSC00027_2394x1795.jpg - 182910 byte
SUCCESS - ***.fnsce701.e.brasiltelecom.net.br: DSC00028_2394x1795.jpg - 138148 byte
SUCCESS - ***.fnsce701.e.brasiltelecom.net.br: DSC00030_2394x1795.jpg - 243319 byte
SUCCESS - ***.fnsce701.e.brasiltelecom.net.br: DSC00031_2394x1795.jpg - 275455 byte
SUCCESS - ***.fnsce701.e.brasiltelecom.net.br: DSC00032_1795x2394.jpg - 300278 byte
SUCCESS - ***.fnsce701.e.brasiltelecom.net.br: DSC00033_2394x1795.jpg - 278149 byte
SUCCESS - ***.fnsce701.e.brasiltelecom.net.br: DSC00034_2394x1795.jpg - 308343 byte
SUCCESS - ***.fnsce701.e.brasiltelecom.net.br: DSC00035_2394x1795.jpg - 308738 byte
SUCCESS - ***.fnsce701.e.brasiltelecom.net.br: DSC00037_1795x2394.jpg - 356283 byte
SUCCESS - ***.fnsce701.e.brasiltelecom.net.br: DSC00038_1795x2394.jpg - 357395 byte
SUCCESS - ***.fnsce701.e.brasiltelecom.net.br: DSC00039_1795x2394.jpg - 339306 byte
SUCCESS - ***.fnsce701.e.brasiltelecom.net.br: DSC00041_1795x2394.jpg - 387327 byte
SUCCESS - ***.fnsce701.e.brasiltelecom.net.br: DSC00017.JPG - 1900986 byte
SUCCESS - ***.adobe.com: banner01.jpg - 59240 byte
SUCCESS - ***.adobe.com: banner02.jpg - 63869 byte
SUCCESS - ***.adobe.com: banner03.jpg - 68164 byte
SUCCESS - ***.adobe.com: banner01.jpg - 59240 byte
SUCCESS - ***.adobe.com: banner03.jpg - 68164 byte
SUCCESS - ***.adobe.com: banner01.jpg - 59240 byte
SUCCESS - ***.adobe.com: banner02.jpg - 63869 byte
SUCCESS - ***.adobe.com: banner03.jpg - 68164 byte
SUCCESS - ***.adobe.com: banner03.jpg - 68164 byte
