SUCCESS - ***: Inverno.jpg - 105542 byte
SUCCESS - ***: Montanhas azuis.jpg - 28521 byte
SUCCESS - ***: Ninféias.jpg - 83794 byte
SUCCESS - ***: Pôr-do-sol.jpg - 71189 byte
SUCCESS - ***: Inverno.jpg - 105542 byte
SUCCESS - ***: Montanhas azuis.jpg - 28521 byte
SUCCESS - ***: Ninféias.jpg - 83794 byte
SUCCESS - ***: Pôr-do-sol.jpg - 71189 byte
SUCCESS - ***: Inverno.jpg - 105542 byte
SUCCESS - ***: Montanhas azuis.jpg - 28521 byte
SUCCESS - ***: Ninféias.jpg - 83794 byte
SUCCESS - ***: Pôr-do-sol.jpg - 71189 byte
SUCCESS - ***: Inverno.jpg - 105542 byte
SUCCESS - ***: Montanhas azuis.jpg - 28521 byte
SUCCESS - ***: Ninféias.jpg - 83794 byte
SUCCESS - ***: Pôr-do-sol.jpg - 71189 byte
SUCCESS - ***: Inverno.jpg - 105542 byte
SUCCESS - ***: Montanhas azuis.jpg - 28521 byte
SUCCESS - ***: Ninféias.jpg - 83794 byte
SUCCESS - ***: Pôr-do-sol.jpg - 71189 byte
SUCCESS - ***: 881.jpg - 63323 byte
SUCCESS - ***: 5655bb037d77f4df84002403d8dddf8825250.jpg - 9137 byte
SUCCESS - ***: 881.jpg - 63323 byte
SUCCESS - ***: ATYAAAB4YNJCaAg8U15coHwLfXbzK8Gb94H-9ENvlZDUKrAC4F6No6FPMW2CJAOOxcNr9mBo2NO_pnTqZ2MS8dYwoTvXAJtU9VDS9wBUu4u7EO-rScHKemEI4DgZ-g.jpg - 68262 byte
SUCCESS - ***: 3188.jpg - 47801 byte
SUCCESS - ***: 881.jpg - 63323 byte
SUCCESS - ***: ATYAAAB4YNJCaAg8U15coHwLfXbzK8Gb94H-9ENvlZDUKrAC4F6No6FPMW2CJAOOxcNr9mBo2NO_pnTqZ2MS8dYwoTvXAJtU9VDS9wBUu4u7EO-rScHKemEI4DgZ-g.jpg - 68262 byte
SUCCESS - ***: 881.jpg - 63323 byte
SUCCESS - ***: 5655bb037d77f4df84002403d8dddf8825250.jpg - 9137 byte
SUCCESS - ***: 881.jpg - 63323 byte
SUCCESS - ***: 881.jpg - 63323 byte
SUCCESS - ***: Inverno.jpg - 105542 byte
SUCCESS - ***: Montanhas azuis.jpg - 28521 byte
SUCCESS - ***: Pôr-do-sol.jpg - 71189 byte
SUCCESS - ***: Pôr-do-sol.jpg - 71189 byte
SUCCESS - ***: Montanhas azuis.jpg - 28521 byte
SUCCESS - ***: Pôr-do-sol.jpg - 71189 byte
SUCCESS - ***: Pôr-do-sol.jpg - 71189 byte
SUCCESS - ***: Montanhas azuis.jpg - 28521 byte
SUCCESS - ***: DSC00261.JPG - 1673641 byte
FAILED - ***: DSC00251.JPG - 2708050 byte
FAILED - ***: DSC00266.JPG - 2579553 byte
SUCCESS - ***: eu menor.jpg - 661023 byte
SUCCESS - ***: eu menor.jpg - 661023 byte
FAILED - ***: DSC00257.JPG - 2720889 byte
SUCCESS - ***: add.png - 2241 byte
SUCCESS - ***: Aldo (Medium).JPG - 34767 byte
SUCCESS - ***: enviar.png - 2245 byte
SUCCESS - ***: junior.png - 100681 byte
SUCCESS - ***: limpar.png - 2203 byte
FAILED - ***: 1304536445_3floppy_unmount.png - 1329 byte
SUCCESS - ***: add.png - 2241 byte
SUCCESS - ***: junior.png - 100681 byte
SUCCESS - ***: limpar.png - 2203 byte
SUCCESS - ***: limpar.png - 2203 byte
SUCCESS - ***: Aldo (Medium).JPG - 34767 byte
SUCCESS - ***: junior.png - 100681 byte
SUCCESS - ***: limpar.png - 2203 byte
SUCCESS - ***: Aldo (Medium).JPG - 34767 byte
SUCCESS - ***: junior.png - 100681 byte
SUCCESS - ***: limpar.png - 2203 byte
SUCCESS - ***: Aldo (Medium).JPG - 34767 byte
SUCCESS - ***: junior.png - 100681 byte
SUCCESS - ***: limpar.png - 2203 byte
SUCCESS - ***: Aldo (Medium).JPG - 34767 byte
SUCCESS - ***: junior.png - 100681 byte
SUCCESS - ***: limpar.png - 2203 byte
SUCCESS - ***: Aldo (Medium).JPG - 34767 byte
SUCCESS - ***: junior.png - 100681 byte
SUCCESS - ***: limpar.png - 2203 byte
SUCCESS - ***: Aldo (Medium).JPG - 34767 byte
SUCCESS - ***: junior.png - 100681 byte
SUCCESS - ***: limpar.png - 2203 byte
SUCCESS - ***: Aldo (Medium).JPG - 34767 byte
SUCCESS - ***: junior.png - 100681 byte
SUCCESS - ***: limpar.png - 2203 byte
SUCCESS - ***: Aldo (Medium).JPG - 34767 byte
SUCCESS - ***: junior.png - 100681 byte
SUCCESS - ***: limpar.png - 2203 byte
SUCCESS - ***: Aldo (Medium).JPG - 34767 byte
SUCCESS - ***: junior.png - 100681 byte
SUCCESS - ***: logo_intranet.png - 2189 byte
SUCCESS - ***: assinatura.png - 66377 byte
SUCCESS - ***: docdevicelogo.png - 103483 byte
SUCCESS - ***: footer_branco.png - 35342 byte
SUCCESS - ***: footer_preto.png - 35614 byte
SUCCESS - ***: gif.gif - 3091 byte
SUCCESS - ***: gif2.gif - 3661 byte
SUCCESS - ***: icone.png - 31580 byte
SUCCESS - ***: labdevicelogo.gif - 15095 byte
SUCCESS - ***: labdevicelogo.png - 161876 byte
SUCCESS - ***: logo.png - 57539 byte
SUCCESS - ***: logo2.png - 64217 byte
SUCCESS - ***: logo3.png - 51950 byte
SUCCESS - ***: Untitled-1.jpg - 2156 byte
SUCCESS - ***: Faixa1 Marcon.jpg - 92954 byte
SUCCESS - ***: lages e vacaria.JPG - 20893 byte
SUCCESS - ***: 1305111305287000130528700003590.jpg - 95840 byte
SUCCESS - ***: 1305111305287000130528700003590.jpg - 95840 byte
SUCCESS - ***: background (Small).png - 356388 byte
SUCCESS - ***: background (Small).png - 356388 byte
SUCCESS - ***: 1305111305287000130528700003590.jpg - 95840 byte
SUCCESS - ***: 1306151744_Weather.png - 4916 byte
SUCCESS - ***: 1306161418_net.png - 22783 byte
SUCCESS - ***: 1306170985_kview.png - 2166 byte
SUCCESS - ***: 1306171440_doc.png - 5820 byte
SUCCESS - ***: btn_visimg.png - 44417 byte
SUCCESS - ***: fundo_fone_fax.jpg - 13735 byte
SUCCESS - ***: fundo_fone_fax.png - 75475 byte
SUCCESS - ***: fundo_mapa.png - 123259 byte
SUCCESS - ***: 1309800630_Aqua Smooth Folder Works.png - 20902 byte
SUCCESS - ***: 1309801896_social_skype_box_blue.png - 9197 byte
SUCCESS - ***: 1309801902_social_facebook_box_blue.png - 7934 byte
SUCCESS - ***: 1309801906_social_twitter_box_blue.png - 8241 byte
SUCCESS - ***: 1309805678_button-orange.png - 667 byte
SUCCESS - ***: 1309805682_button-light-blue.png - 657 byte
SUCCESS - ***: 1309805703_button-yellow.png - 644 byte
SUCCESS - ***: 1309805707_button-white.png - 631 byte
FAILED - ***: 1309805836_konqsidebar_mediaplayer.png - 1002 byte
SUCCESS - ***: 1309805908_map.png - 1771 byte
FAILED - ***: 1309806292_applications-engineering.png - 1073 byte
SUCCESS - ***: 25051113063498831306349883bannerautimpex.jpg - 39741 byte
SUCCESS - ***: bispo.png - 99514 byte
SUCCESS - ***: domirineu.jpg - 28476 byte
SUCCESS - ***: hcs.jpg - 8233 byte
SUCCESS - ***: hcs.png - 49857 byte
SUCCESS - ***: NVLogo.jpg - 186473 byte
SUCCESS - ***: selo25anos.jpg - 12659 byte
SUCCESS - ***: selo 25 anos marcon.png - 238779 byte
SUCCESS - ***: Selo 25 anos Moper 3.jpg - 31635 byte
SUCCESS - ***: sem_foto.gif - 6603 byte
SUCCESS - ***: 1309800630_Aqua Smooth Folder Works.png - 20902 byte
SUCCESS - ***: 1309801896_social_skype_box_blue.png - 9197 byte
SUCCESS - ***: 1309801902_social_facebook_box_blue.png - 7934 byte
SUCCESS - ***: 1309801906_social_twitter_box_blue.png - 8241 byte
SUCCESS - ***: 1309805678_button-orange.png - 667 byte
SUCCESS - ***: 1309805682_button-light-blue.png - 657 byte
SUCCESS - ***: 1309805703_button-yellow.png - 644 byte
SUCCESS - ***: 1309805707_button-white.png - 631 byte
FAILED - ***: 1309805836_konqsidebar_mediaplayer.png - 1002 byte
SUCCESS - ***: 1309805908_map.png - 1771 byte
FAILED - ***: 1309806292_applications-engineering.png - 1073 byte
SUCCESS - ***: 25051113063498831306349883bannerautimpex.jpg - 39741 byte
SUCCESS - ***: bispo.png - 99514 byte
SUCCESS - ***: domirineu.jpg - 28476 byte
SUCCESS - ***: hcs.jpg - 8233 byte
SUCCESS - ***: hcs.png - 49857 byte
SUCCESS - ***: NVLogo.jpg - 186473 byte
SUCCESS - ***: selo25anos.jpg - 12659 byte
SUCCESS - ***: selo 25 anos marcon.png - 238779 byte
SUCCESS - ***: Selo 25 anos Moper 3.jpg - 31635 byte
SUCCESS - ***: sem_foto.gif - 6603 byte
SUCCESS - ***: 1309805707_button-white.png - 631 byte
SUCCESS - ***: 1309801902_social_facebook_box_blue.png - 7934 byte
SUCCESS - ***: 1309801906_social_twitter_box_blue.png - 8241 byte
SUCCESS - ***: 1309805678_button-orange.png - 667 byte
SUCCESS - ***: 1309805682_button-light-blue.png - 657 byte
SUCCESS - ***: 1309805703_button-yellow.png - 644 byte
FAILED - ***: 1309805836_konqsidebar_mediaplayer.png - 1002 byte
SUCCESS - ***: 1309805703_button-yellow.png - 644 byte
SUCCESS - ***: 1309805707_button-white.png - 631 byte
SUCCESS - ***: sr-logo.jpg - 7880 byte
SUCCESS - ***: SR_Consultoria-logo-A447C2DE9D-seeklogo.com.gif - 5858 byte
SUCCESS - ***: sr_logo.gif - 3473 byte
SUCCESS - ***: SR_logo.jpg - 11717 byte
SUCCESS - ***: sr_logo_inverted.jpg - 23778 byte
SUCCESS - ***.locaweb.com.br: banner033.jpg - 63869 byte
SUCCESS - ***.locaweb.com.br: SR_Consultoria-logo-A447C2DE9D-seeklogo.com.gif - 5858 byte
FAILED - ***.fnsce701.e.brasiltelecom.net.br: Paulo_Ribeiro_01a.jpg - 4051678 byte
FAILED - ***.fnsce701.e.brasiltelecom.net.br: Paulo_Ribeiro_02a.jpg - 3887446 byte
SUCCESS - ***.fnsce701.e.brasiltelecom.net.br: 3d3%20copy.jpg - 328328 byte
SUCCESS - ***.fnsce701.e.brasiltelecom.net.br: 3d5.jpg - 294617 byte
FAILED - ***.fnsce701.e.brasiltelecom.net.br: planta%201.jpg - 2446315 byte
SUCCESS - ***.fnsce701.e.brasiltelecom.net.br: planta%202.jpg - 1679938 byte
SUCCESS - ***.fnsce701.e.brasiltelecom.net.br: foto externa le jardim.jpg - 283513 byte
SUCCESS - ***.fnsce701.e.brasiltelecom.net.br: foto externa le jardim.jpg - 283513 byte
SUCCESS - ***.fnsce701.e.brasiltelecom.net.br: 04 salão de festas.jpg - 1346244 byte
SUCCESS - ***.fnsce701.e.brasiltelecom.net.br: 03 salão de festas.jpg - 1407998 byte
FAILED - ***.fnsce701.e.brasiltelecom.net.br: DSC00037.JPG - 2461860 byte
FAILED - ***.fnsce701.e.brasiltelecom.net.br: DSC00038.JPG - 2536476 byte
FAILED - ***.fnsce701.e.brasiltelecom.net.br: DSC00039.JPG - 2461346 byte
FAILED - ***.fnsce701.e.brasiltelecom.net.br: DSC00036.JPG - 0 byte
SUCCESS - ***.fnsce701.e.brasiltelecom.net.br: DSC00013_2394x1795.jpg - 288104 byte
SUCCESS - ***.fnsce701.e.brasiltelecom.net.br: DSC00014_2394x1795.jpg - 325289 byte
SUCCESS - ***.fnsce701.e.brasiltelecom.net.br: 004.jpg - 515653 byte
SUCCESS - ***.tv222.static.gvt.net.br: 04 salão de festas.jpg - 1346244 byte
SUCCESS - ***.tv222.static.gvt.net.br: 03 salão de festas.jpg - 1407998 byte
SUCCESS - ***.tv222.static.gvt.net.br: 01 apartamento 3.jpg - 1108008 byte
SUCCESS - ***.tv222.static.gvt.net.br: 02 apartamento 3.jpg - 1141091 byte
SUCCESS - ***.fnsce701.e.brasiltelecom.net.br: 03 salão de festas_1024x600.jpg - 98261 byte
SUCCESS - ***.fnsce701.e.brasiltelecom.net.br: 04 salão de festas_1024x600.jpg - 98477 byte
SUCCESS - ***.fnsce701.e.brasiltelecom.net.br: APARTAMENTO 3 01_751x709.jpg - 82138 byte
SUCCESS - ***.fnsce701.e.brasiltelecom.net.br: APARTAMENTO 3 02_768x800.jpg - 81721 byte
SUCCESS - ***.fnsce701.e.brasiltelecom.net.br: 03 salão de festas_1600x900.jpg - 197319 byte
SUCCESS - ***.fnsce701.e.brasiltelecom.net.br: 04 salão de festas_1600x900.jpg - 192966 byte
SUCCESS - ***.fnsce701.e.brasiltelecom.net.br: APARTAMENTO 3 01_1173x1064.jpg - 149802 byte
SUCCESS - ***.fnsce701.e.brasiltelecom.net.br: APARTAMENTO 3 02_1200x1200.jpg - 151998 byte
SUCCESS - ***.adobe.com: banner01.jpg - 59240 byte
SUCCESS - ***.adobe.com: banner02.jpg - 63869 byte
SUCCESS - ***.adobe.com: banner03.jpg - 68164 byte
SUCCESS - ***.adobe.com: banner01.jpg - 59240 byte
SUCCESS - ***.adobe.com: banner02.jpg - 63869 byte
SUCCESS - ***.adobe.com: banner03.jpg - 68164 byte
SUCCESS - ***.adobe.com: banner01.jpg - 59240 byte
SUCCESS - ***.adobe.com: banner01.jpg - 59240 byte
SUCCESS - ***.adobe.com: banner01.jpg - 59240 byte
SUCCESS - ***.adobe.com: banner01.jpg - 59240 byte
SUCCESS - ***.virtua.com.br: 1350956189_445856365_12-Vila-Esplendida-Vila-da-Penha-Brookfield-.png - 316202 byte
SUCCESS - ***.virtua.com.br: planta2.jpg - 61070 byte
SUCCESS - ***.virtua.com.br: planta1.jpg - 50263 byte
SUCCESS - ***.virtua.com.br: planta1.jpg - 50263 byte
SUCCESS - ***.user.veloxzone.com.br: PLANTA 2_632x460.jpg - 46098 byte
SUCCESS - ***.user.veloxzone.com.br: PLANTA_650x460_650x460.jpg - 26497 byte
