SUCCESS - ***: Inverno.jpg - 105542 byte
SUCCESS - ***: Montanhas azuis.jpg - 28521 byte
SUCCESS - ***: Ninféias.jpg - 83794 byte
SUCCESS - ***: Pôr-do-sol.jpg - 71189 byte
SUCCESS - ***: Inverno.jpg - 105542 byte
SUCCESS - ***: Montanhas azuis.jpg - 28521 byte
SUCCESS - ***: Ninféias.jpg - 83794 byte
SUCCESS - ***: Pôr-do-sol.jpg - 71189 byte
SUCCESS - ***: Inverno.jpg - 105542 byte
SUCCESS - ***: Montanhas azuis.jpg - 28521 byte
SUCCESS - ***: Ninféias.jpg - 83794 byte
SUCCESS - ***: Pôr-do-sol.jpg - 71189 byte
SUCCESS - ***: Inverno.jpg - 105542 byte
SUCCESS - ***: Montanhas azuis.jpg - 28521 byte
SUCCESS - ***: Ninféias.jpg - 83794 byte
SUCCESS - ***: Pôr-do-sol.jpg - 71189 byte
SUCCESS - ***: Inverno.jpg - 105542 byte
SUCCESS - ***: Montanhas azuis.jpg - 28521 byte
SUCCESS - ***: Ninféias.jpg - 83794 byte
SUCCESS - ***: Pôr-do-sol.jpg - 71189 byte
SUCCESS - ***: 881.jpg - 63323 byte
SUCCESS - ***: 5655bb037d77f4df84002403d8dddf8825250.jpg - 9137 byte
SUCCESS - ***: 881.jpg - 63323 byte
SUCCESS - ***: ATYAAAB4YNJCaAg8U15coHwLfXbzK8Gb94H-9ENvlZDUKrAC4F6No6FPMW2CJAOOxcNr9mBo2NO_pnTqZ2MS8dYwoTvXAJtU9VDS9wBUu4u7EO-rScHKemEI4DgZ-g.jpg - 68262 byte
SUCCESS - ***: 3188.jpg - 47801 byte
SUCCESS - ***: 881.jpg - 63323 byte
SUCCESS - ***: ATYAAAB4YNJCaAg8U15coHwLfXbzK8Gb94H-9ENvlZDUKrAC4F6No6FPMW2CJAOOxcNr9mBo2NO_pnTqZ2MS8dYwoTvXAJtU9VDS9wBUu4u7EO-rScHKemEI4DgZ-g.jpg - 68262 byte
SUCCESS - ***: 881.jpg - 63323 byte
SUCCESS - ***: 5655bb037d77f4df84002403d8dddf8825250.jpg - 9137 byte
SUCCESS - ***: 881.jpg - 63323 byte
SUCCESS - ***: 881.jpg - 63323 byte
SUCCESS - ***: Inverno.jpg - 105542 byte
SUCCESS - ***: Montanhas azuis.jpg - 28521 byte
SUCCESS - ***: Pôr-do-sol.jpg - 71189 byte
SUCCESS - ***: Pôr-do-sol.jpg - 71189 byte
SUCCESS - ***: Montanhas azuis.jpg - 28521 byte
SUCCESS - ***: Pôr-do-sol.jpg - 71189 byte
SUCCESS - ***: Pôr-do-sol.jpg - 71189 byte
SUCCESS - ***: Montanhas azuis.jpg - 28521 byte
SUCCESS - ***: DSC00261.JPG - 1673641 byte
FAILED - ***: DSC00251.JPG - 2708050 byte
FAILED - ***: DSC00266.JPG - 2579553 byte
SUCCESS - ***: eu menor.jpg - 661023 byte
SUCCESS - ***: eu menor.jpg - 661023 byte
FAILED - ***: DSC00257.JPG - 2720889 byte
SUCCESS - ***: add.png - 2241 byte
SUCCESS - ***: Aldo (Medium).JPG - 34767 byte
SUCCESS - ***: enviar.png - 2245 byte
SUCCESS - ***: junior.png - 100681 byte
SUCCESS - ***: limpar.png - 2203 byte
FAILED - ***: 1304536445_3floppy_unmount.png - 1329 byte
SUCCESS - ***: add.png - 2241 byte
SUCCESS - ***: junior.png - 100681 byte
SUCCESS - ***: limpar.png - 2203 byte
SUCCESS - ***: limpar.png - 2203 byte
SUCCESS - ***: Aldo (Medium).JPG - 34767 byte
SUCCESS - ***: junior.png - 100681 byte
SUCCESS - ***: limpar.png - 2203 byte
SUCCESS - ***: Aldo (Medium).JPG - 34767 byte
SUCCESS - ***: junior.png - 100681 byte
SUCCESS - ***: limpar.png - 2203 byte
SUCCESS - ***: Aldo (Medium).JPG - 34767 byte
SUCCESS - ***: junior.png - 100681 byte
SUCCESS - ***: limpar.png - 2203 byte
SUCCESS - ***: Aldo (Medium).JPG - 34767 byte
SUCCESS - ***: junior.png - 100681 byte
SUCCESS - ***: limpar.png - 2203 byte
SUCCESS - ***: Aldo (Medium).JPG - 34767 byte
SUCCESS - ***: junior.png - 100681 byte
SUCCESS - ***: limpar.png - 2203 byte
SUCCESS - ***: Aldo (Medium).JPG - 34767 byte
SUCCESS - ***: junior.png - 100681 byte
SUCCESS - ***: limpar.png - 2203 byte
SUCCESS - ***: Aldo (Medium).JPG - 34767 byte
SUCCESS - ***: junior.png - 100681 byte
SUCCESS - ***: limpar.png - 2203 byte
SUCCESS - ***: Aldo (Medium).JPG - 34767 byte
SUCCESS - ***: junior.png - 100681 byte
SUCCESS - ***: limpar.png - 2203 byte
SUCCESS - ***: Aldo (Medium).JPG - 34767 byte
SUCCESS - ***: junior.png - 100681 byte
SUCCESS - ***: logo_intranet.png - 2189 byte
SUCCESS - ***: assinatura.png - 66377 byte
SUCCESS - ***: docdevicelogo.png - 103483 byte
SUCCESS - ***: footer_branco.png - 35342 byte
SUCCESS - ***: footer_preto.png - 35614 byte
SUCCESS - ***: gif.gif - 3091 byte
SUCCESS - ***: gif2.gif - 3661 byte
SUCCESS - ***: icone.png - 31580 byte
SUCCESS - ***: labdevicelogo.gif - 15095 byte
SUCCESS - ***: labdevicelogo.png - 161876 byte
SUCCESS - ***: logo.png - 57539 byte
SUCCESS - ***: logo2.png - 64217 byte
SUCCESS - ***: logo3.png - 51950 byte
SUCCESS - ***: Untitled-1.jpg - 2156 byte
SUCCESS - ***: Faixa1 Marcon.jpg - 92954 byte
SUCCESS - ***: lages e vacaria.JPG - 20893 byte
SUCCESS - ***: 1305111305287000130528700003590.jpg - 95840 byte
SUCCESS - ***: 1305111305287000130528700003590.jpg - 95840 byte
SUCCESS - ***: background (Small).png - 356388 byte
SUCCESS - ***: background (Small).png - 356388 byte
SUCCESS - ***: 1305111305287000130528700003590.jpg - 95840 byte
SUCCESS - ***: 1306151744_Weather.png - 4916 byte
SUCCESS - ***: 1306161418_net.png - 22783 byte
SUCCESS - ***: 1306170985_kview.png - 2166 byte
SUCCESS - ***: 1306171440_doc.png - 5820 byte
SUCCESS - ***: btn_visimg.png - 44417 byte
SUCCESS - ***: fundo_fone_fax.jpg - 13735 byte
SUCCESS - ***: fundo_fone_fax.png - 75475 byte
SUCCESS - ***: fundo_mapa.png - 123259 byte
SUCCESS - ***: 1309800630_Aqua Smooth Folder Works.png - 20902 byte
SUCCESS - ***: 1309801896_social_skype_box_blue.png - 9197 byte
SUCCESS - ***: 1309801902_social_facebook_box_blue.png - 7934 byte
SUCCESS - ***: 1309801906_social_twitter_box_blue.png - 8241 byte
SUCCESS - ***: 1309805678_button-orange.png - 667 byte
SUCCESS - ***: 1309805682_button-light-blue.png - 657 byte
SUCCESS - ***: 1309805703_button-yellow.png - 644 byte
SUCCESS - ***: 1309805707_button-white.png - 631 byte
FAILED - ***: 1309805836_konqsidebar_mediaplayer.png - 1002 byte
SUCCESS - ***: 1309805908_map.png - 1771 byte
FAILED - ***: 1309806292_applications-engineering.png - 1073 byte
SUCCESS - ***: 25051113063498831306349883bannerautimpex.jpg - 39741 byte
SUCCESS - ***: bispo.png - 99514 byte
SUCCESS - ***: domirineu.jpg - 28476 byte
SUCCESS - ***: hcs.jpg - 8233 byte
SUCCESS - ***: hcs.png - 49857 byte
SUCCESS - ***: NVLogo.jpg - 186473 byte
SUCCESS - ***: selo25anos.jpg - 12659 byte
SUCCESS - ***: selo 25 anos marcon.png - 238779 byte
SUCCESS - ***: Selo 25 anos Moper 3.jpg - 31635 byte
SUCCESS - ***: sem_foto.gif - 6603 byte
SUCCESS - ***: 1309800630_Aqua Smooth Folder Works.png - 20902 byte
SUCCESS - ***: 1309801896_social_skype_box_blue.png - 9197 byte
SUCCESS - ***: 1309801902_social_facebook_box_blue.png - 7934 byte
SUCCESS - ***: 1309801906_social_twitter_box_blue.png - 8241 byte
SUCCESS - ***: 1309805678_button-orange.png - 667 byte
SUCCESS - ***: 1309805682_button-light-blue.png - 657 byte
SUCCESS - ***: 1309805703_button-yellow.png - 644 byte
SUCCESS - ***: 1309805707_button-white.png - 631 byte
FAILED - ***: 1309805836_konqsidebar_mediaplayer.png - 1002 byte
SUCCESS - ***: 1309805908_map.png - 1771 byte
FAILED - ***: 1309806292_applications-engineering.png - 1073 byte
SUCCESS - ***: 25051113063498831306349883bannerautimpex.jpg - 39741 byte
SUCCESS - ***: bispo.png - 99514 byte
SUCCESS - ***: domirineu.jpg - 28476 byte
SUCCESS - ***: hcs.jpg - 8233 byte
SUCCESS - ***: hcs.png - 49857 byte
SUCCESS - ***: NVLogo.jpg - 186473 byte
SUCCESS - ***: selo25anos.jpg - 12659 byte
SUCCESS - ***: selo 25 anos marcon.png - 238779 byte
SUCCESS - ***: Selo 25 anos Moper 3.jpg - 31635 byte
SUCCESS - ***: sem_foto.gif - 6603 byte
SUCCESS - ***: 1309805707_button-white.png - 631 byte
SUCCESS - ***: 1309801902_social_facebook_box_blue.png - 7934 byte
SUCCESS - ***: 1309801906_social_twitter_box_blue.png - 8241 byte
SUCCESS - ***: 1309805678_button-orange.png - 667 byte
SUCCESS - ***: 1309805682_button-light-blue.png - 657 byte
SUCCESS - ***: 1309805703_button-yellow.png - 644 byte
FAILED - ***: 1309805836_konqsidebar_mediaplayer.png - 1002 byte
SUCCESS - ***: 1309805703_button-yellow.png - 644 byte
SUCCESS - ***: 1309805707_button-white.png - 631 byte
SUCCESS - ***: sr-logo.jpg - 7880 byte
SUCCESS - ***: SR_Consultoria-logo-A447C2DE9D-seeklogo.com.gif - 5858 byte
SUCCESS - ***: sr_logo.gif - 3473 byte
SUCCESS - ***: SR_logo.jpg - 11717 byte
SUCCESS - ***: sr_logo_inverted.jpg - 23778 byte
SUCCESS - ***.locaweb.com.br: banner033.jpg - 63869 byte
SUCCESS - ***.locaweb.com.br: SR_Consultoria-logo-A447C2DE9D-seeklogo.com.gif - 5858 byte
FAILED - ***.fnsce701.e.brasiltelecom.net.br: Paulo_Ribeiro_01a.jpg - 4051678 byte
FAILED - ***.fnsce701.e.brasiltelecom.net.br: Paulo_Ribeiro_02a.jpg - 3887446 byte
SUCCESS - ***.fnsce701.e.brasiltelecom.net.br: 3d3%20copy.jpg - 328328 byte
SUCCESS - ***.fnsce701.e.brasiltelecom.net.br: 3d5.jpg - 294617 byte
FAILED - ***.fnsce701.e.brasiltelecom.net.br: planta%201.jpg - 2446315 byte
SUCCESS - ***.fnsce701.e.brasiltelecom.net.br: planta%202.jpg - 1679938 byte
SUCCESS - ***.fnsce701.e.brasiltelecom.net.br: foto externa le jardim.jpg - 283513 byte
SUCCESS - ***.fnsce701.e.brasiltelecom.net.br: foto externa le jardim.jpg - 283513 byte
SUCCESS - ***.fnsce701.e.brasiltelecom.net.br: 04 salão de festas.jpg - 1346244 byte
SUCCESS - ***.fnsce701.e.brasiltelecom.net.br: 03 salão de festas.jpg - 1407998 byte
FAILED - ***.fnsce701.e.brasiltelecom.net.br: DSC00037.JPG - 2461860 byte
FAILED - ***.fnsce701.e.brasiltelecom.net.br: DSC00038.JPG - 2536476 byte
FAILED - ***.fnsce701.e.brasiltelecom.net.br: DSC00039.JPG - 2461346 byte
FAILED - ***.fnsce701.e.brasiltelecom.net.br: DSC00036.JPG - 0 byte
SUCCESS - ***.fnsce701.e.brasiltelecom.net.br: DSC00013_2394x1795.jpg - 288104 byte
SUCCESS - ***.fnsce701.e.brasiltelecom.net.br: DSC00014_2394x1795.jpg - 325289 byte
SUCCESS - ***.fnsce701.e.brasiltelecom.net.br: 004.jpg - 515653 byte
SUCCESS - ***.tv222.static.gvt.net.br: 04 salão de festas.jpg - 1346244 byte
SUCCESS - ***.tv222.static.gvt.net.br: 03 salão de festas.jpg - 1407998 byte
SUCCESS - ***.tv222.static.gvt.net.br: 01 apartamento 3.jpg - 1108008 byte
SUCCESS - ***.tv222.static.gvt.net.br: 02 apartamento 3.jpg - 1141091 byte
SUCCESS - ***.fnsce701.e.brasiltelecom.net.br: 03 salão de festas_1024x600.jpg - 98261 byte
SUCCESS - ***.fnsce701.e.brasiltelecom.net.br: 04 salão de festas_1024x600.jpg - 98477 byte
SUCCESS - ***.fnsce701.e.brasiltelecom.net.br: APARTAMENTO 3 01_751x709.jpg - 82138 byte
SUCCESS - ***.fnsce701.e.brasiltelecom.net.br: APARTAMENTO 3 02_768x800.jpg - 81721 byte
SUCCESS - ***.fnsce701.e.brasiltelecom.net.br: 03 salão de festas_1600x900.jpg - 197319 byte
SUCCESS - ***.fnsce701.e.brasiltelecom.net.br: 04 salão de festas_1600x900.jpg - 192966 byte
SUCCESS - ***.fnsce701.e.brasiltelecom.net.br: APARTAMENTO 3 01_1173x1064.jpg - 149802 byte
SUCCESS - ***.fnsce701.e.brasiltelecom.net.br: APARTAMENTO 3 02_1200x1200.jpg - 151998 byte
SUCCESS - ***.adobe.com: banner01.jpg - 59240 byte
SUCCESS - ***.adobe.com: banner02.jpg - 63869 byte
SUCCESS - ***.adobe.com: banner03.jpg - 68164 byte
SUCCESS - ***.adobe.com: banner01.jpg - 59240 byte
SUCCESS - ***.adobe.com: banner02.jpg - 63869 byte
SUCCESS - ***.adobe.com: banner03.jpg - 68164 byte
SUCCESS - ***.adobe.com: banner03.jpg - 68164 byte
SUCCESS - ***.adobe.com: banner01.jpg - 59240 byte
SUCCESS - ***.adobe.com: banner03.jpg - 68164 byte
SUCCESS - ***.adobe.com: P1000134.JPG - 60477 byte
SUCCESS - ***.adobe.com: banner02.jpg - 63869 byte
SUCCESS - ***.virtua.com.br: 1350956189_445856365_4-Vila-Esplendida-Vila-da-Penha-Brookfield-Apartamento-Casa-a-venda.jpg - 51758 byte
SUCCESS - ***.dsl.telesp.net.br: Chrysanthemum.jpg - 879394 byte
SUCCESS - ***.dsl.telesp.net.br: Koala.jpg - 780831 byte
SUCCESS - ***.dsl.telesp.net.br: Penguins.jpg - 777835 byte
SUCCESS - ***.dsl.telesp.net.br: Desert.jpg - 845941 byte
SUCCESS - ***.dsl.telesp.net.br: Jellyfish.jpg - 775702 byte
SUCCESS - ***.dsl.telesp.net.br: Lighthouse.jpg - 561276 byte
SUCCESS - ***.virtua.com.br: 1279658769_103455975_1-VENDO-LINDO-APARTAMENTO-NO-PECHINCHA-RIO-CAPITAL-PECHINCHA-1279658769.jpg - 39474 byte
SUCCESS - ***.virtua.com.br: ap.jpg - 42440 byte
SUCCESS - ***.virtua.com.br: ap1.jpg - 223323 byte
SUCCESS - ***.virtua.com.br: ap2.jpg - 136406 byte
SUCCESS - ***.virtua.com.br: ap3.jpg - 147592 byte
SUCCESS - ***.virtua.com.br: ap4.jpg - 185190 byte
SUCCESS - ***.virtua.com.br: ap5.jpg - 170082 byte
SUCCESS - ***.virtua.com.br: 23.jpg - 48914 byte
FAILED - ***.user.veloxzone.com.br: DSC05830.JPG - 3789396 byte
FAILED - ***.user.veloxzone.com.br: DSC05833.JPG - 3984478 byte
FAILED - ***.user.veloxzone.com.br: DSC05835.JPG - 3975833 byte
FAILED - ***.user.veloxzone.com.br: DSC05838.JPG - 3766651 byte
FAILED - ***.user.veloxzone.com.br: DSC05839.JPG - 3667845 byte
FAILED - ***.user.veloxzone.com.br: DSC05840.JPG - 3592091 byte
FAILED - ***.user.veloxzone.com.br: DSC05843.JPG - 3691266 byte
FAILED - ***.user.veloxzone.com.br: DSC05844.JPG - 3510774 byte
FAILED - ***.user.veloxzone.com.br: DSC05845.JPG - 3489061 byte
FAILED - ***.user.veloxzone.com.br: DSC05846.JPG - 3990309 byte
FAILED - ***.user.veloxzone.com.br: DSC05847.JPG - 3364058 byte
FAILED - ***.user.veloxzone.com.br: DSC05848.JPG - 3528894 byte
FAILED - ***.user.veloxzone.com.br: DSC05849.JPG - 3658355 byte
FAILED - ***.user.veloxzone.com.br: DSC05838.JPG - 3766651 byte
SUCCESS - ***.user.veloxzone.com.br: SALA.JPG - 611365 byte
SUCCESS - ***.user.veloxzone.com.br: QUARTO.JPG - 554620 byte
SUCCESS - ***.user.veloxzone.com.br: BANHEIRO.JPG - 561919 byte
SUCCESS - ***.user.veloxzone.com.br: ÁREA.JPG - 560079 byte
SUCCESS - ***.user.veloxzone.com.br: COZINHA.JPG - 613691 byte
SUCCESS - ***.user.veloxzone.com.br: ENTRADA.JPG - 570559 byte
SUCCESS - ***.user.veloxzone.com.br: BANHEIRO.jpg - 1249876 byte
SUCCESS - ***.user.veloxzone.com.br: CIRCULAÇÃO.jpg - 1213765 byte
SUCCESS - ***.user.veloxzone.com.br: COZINHA.jpg - 1293655 byte
SUCCESS - ***.user.veloxzone.com.br: QUARTO 2.jpg - 1210675 byte
SUCCESS - ***.user.veloxzone.com.br: QUARTO.jpg - 1203823 byte
SUCCESS - ***.user.veloxzone.com.br: SALA.jpg - 1194863 byte
SUCCESS - ***.user.veloxzone.com.br: 5. Sala.JPG - 279738 byte
SUCCESS - ***.user.veloxzone.com.br: 6. Sala b.JPG - 241967 byte
SUCCESS - ***.user.veloxzone.com.br: +ürea de Serv D.JPG - 255146 byte
SUCCESS - ***.user.veloxzone.com.br: 1. Garagem B.JPG - 275246 byte
SUCCESS - ***.user.veloxzone.com.br: 2 Quarto.JPG - 286471 byte
SUCCESS - ***.user.veloxzone.com.br: Cozinha c.JPG - 277737 byte
SUCCESS - ***.user.veloxzone.com.br: Sala.JPG - 266007 byte
SUCCESS - ***.user.veloxzone.com.br: Su+¡te b.JPG - 254708 byte
SUCCESS - ***.user.veloxzone.com.br: SDC10113.JPG - 560177 byte
SUCCESS - ***.user.veloxzone.com.br: SDC10114.JPG - 559843 byte
SUCCESS - ***.user.veloxzone.com.br: SDC10115.JPG - 561143 byte
SUCCESS - ***.user.veloxzone.com.br: SDC10117.JPG - 545704 byte
SUCCESS - ***.user.veloxzone.com.br: SDC10118.JPG - 551541 byte
SUCCESS - ***.user.veloxzone.com.br: SDC10119.JPG - 563348 byte
SUCCESS - ***.user.veloxzone.com.br: SDC10120.JPG - 609135 byte
SUCCESS - ***.user.veloxzone.com.br: SDC10121.JPG - 615897 byte
SUCCESS - ***.user.veloxzone.com.br: SDC10120.JPG - 560987 byte
SUCCESS - ***.user.veloxzone.com.br: 02.jpg - 8864 byte
SUCCESS - ***.user.veloxzone.com.br: 03.jpg - 7868 byte
SUCCESS - ***.user.veloxzone.com.br: 04.jpg - 10413 byte
SUCCESS - ***.user.veloxzone.com.br: 05.jpg - 8687 byte
SUCCESS - ***.user.veloxzone.com.br: 06.jpg - 14649 byte
SUCCESS - ***.user.veloxzone.com.br: 07.jpg - 16331 byte
SUCCESS - ***.user.veloxzone.com.br: 08.jpg - 15966 byte
SUCCESS - ***.user.veloxzone.com.br: 09.jpg - 22021 byte
SUCCESS - ***.user.veloxzone.com.br: cozinha.jpg - 10472 byte
SUCCESS - ***.user.veloxzone.com.br: P1010218.JPG - 813734 byte
SUCCESS - ***.user.veloxzone.com.br: P1010219.JPG - 812984 byte
SUCCESS - ***.user.veloxzone.com.br: P1010220.JPG - 801868 byte
SUCCESS - ***.user.veloxzone.com.br: P1010221.JPG - 788247 byte
SUCCESS - ***.user.veloxzone.com.br: P1010222.JPG - 793218 byte
SUCCESS - ***.user.veloxzone.com.br: P1010223.JPG - 738380 byte
SUCCESS - ***.user.veloxzone.com.br: P1010224.JPG - 722892 byte
SUCCESS - ***.user.veloxzone.com.br: P1010225.JPG - 726261 byte
SUCCESS - ***.user.veloxzone.com.br: P1010231.JPG - 807021 byte
SUCCESS - ***.user.veloxzone.com.br: P1010234.JPG - 147044 byte
SUCCESS - ***.user.veloxzone.com.br: P1010236.JPG - 151489 byte
SUCCESS - ***.user.veloxzone.com.br: P1010237.JPG - 147993 byte
SUCCESS - ***.user.veloxzone.com.br: área de serviço_2592x1944.jpg - 352157 byte
SUCCESS - ***.user.veloxzone.com.br: banheiro_2592x1944.jpg - 498693 byte
SUCCESS - ***.user.veloxzone.com.br: condominio_2592x1944.jpg - 440630 byte
SUCCESS - ***.user.veloxzone.com.br: cozinha_2592x1944.jpg - 431484 byte
SUCCESS - ***.user.veloxzone.com.br: DSC01914_2592x1944.jpg - 455199 byte
SUCCESS - ***.user.veloxzone.com.br: escada_2592x1944.jpg - 398115 byte
SUCCESS - ***.user.veloxzone.com.br: lavabo_1944x2592.jpg - 373581 byte
SUCCESS - ***.user.veloxzone.com.br: quarto 2_2592x1944.jpg - 430449 byte
SUCCESS - ***.user.veloxzone.com.br: quarto_2592x1944.jpg - 307664 byte
SUCCESS - ***.user.veloxzone.com.br: sala_2592x1944.jpg - 371074 byte
SUCCESS - ***.user.veloxzone.com.br: banheiro_4000x2672.jpg - 1013377 byte
SUCCESS - ***.user.veloxzone.com.br: cozinha_4000x2672.jpg - 856998 byte
SUCCESS - ***.user.veloxzone.com.br: fachada_4000x2672.jpg - 917552 byte
SUCCESS - ***.user.veloxzone.com.br: quarto1_4000x2672.jpg - 762405 byte
SUCCESS - ***.user.veloxzone.com.br: quarto2_4000x2672.jpg - 849001 byte
SUCCESS - ***.user.veloxzone.com.br: quintal fds_4000x2672.jpg - 1028217 byte
SUCCESS - ***.user.veloxzone.com.br: Quintal_4000x2672.jpg - 1007250 byte
SUCCESS - ***.user.veloxzone.com.br: sala_4000x2672.jpg - 740185 byte
SUCCESS - ***.user.veloxzone.com.br: area_1944x2592.jpg - 429854 byte
SUCCESS - ***.user.veloxzone.com.br: DSC01835_2592x1944.jpg - 319716 byte
SUCCESS - ***.user.veloxzone.com.br: DSC01836_1944x2592.jpg - 364056 byte
SUCCESS - ***.user.veloxzone.com.br: DSC01838_2592x1944.jpg - 284152 byte
SUCCESS - ***.user.veloxzone.com.br: DSC01839_2592x1944.jpg - 407984 byte
SUCCESS - ***.user.veloxzone.com.br: DSC01840_1944x2592.jpg - 563127 byte
SUCCESS - ***.user.veloxzone.com.br: DSC01841_1944x2592.jpg - 681602 byte
SUCCESS - ***.user.veloxzone.com.br: DSC01842_2592x1944.jpg - 266798 byte
SUCCESS - ***.user.veloxzone.com.br: DSC01843_1944x2592.jpg - 504780 byte
SUCCESS - ***.user.veloxzone.com.br: DSC01844_1944x2592.jpg - 536683 byte
SUCCESS - ***.user.veloxzone.com.br: DSC01845_1944x2592.jpg - 412868 byte
SUCCESS - ***.user.veloxzone.com.br: DSC01847_1944x2592.jpg - 509793 byte
SUCCESS - ***.user.veloxzone.com.br: DSC01848_1944x2592.jpg - 436488 byte
SUCCESS - ***.user.veloxzone.com.br: DSC01849_1944x2592.jpg - 456406 byte
SUCCESS - ***.user.veloxzone.com.br: DSC01850_2592x1944.jpg - 365419 byte
SUCCESS - ***.user.veloxzone.com.br: DSC01851_2592x1944.jpg - 327966 byte
SUCCESS - ***.user.veloxzone.com.br: DSC01852_2592x1944.jpg - 364037 byte
SUCCESS - ***.user.veloxzone.com.br: DSC01853_2592x1944.jpg - 341571 byte
SUCCESS - ***.user.veloxzone.com.br: DSC01854_2592x1944.jpg - 279093 byte
SUCCESS - ***.user.veloxzone.com.br: SDC10028.JPG - 800455 byte
SUCCESS - ***.user.veloxzone.com.br: SDC10029.JPG - 828009 byte
SUCCESS - ***.user.veloxzone.com.br: SDC10030.JPG - 816758 byte
SUCCESS - ***.user.veloxzone.com.br: SDC10031.JPG - 819790 byte
SUCCESS - ***.user.veloxzone.com.br: SDC10033.JPG - 804201 byte
SUCCESS - ***.user.veloxzone.com.br: SDC10034.JPG - 877719 byte
SUCCESS - ***.user.veloxzone.com.br: SDC10035.JPG - 836888 byte
SUCCESS - ***.user.veloxzone.com.br: SDC10037.JPG - 819284 byte
SUCCESS - ***.user.veloxzone.com.br: SDC10039.JPG - 873352 byte
SUCCESS - ***.user.veloxzone.com.br: SDC10040.JPG - 869386 byte
SUCCESS - ***.user.veloxzone.com.br: área de serviço.jpg - 1268592 byte
SUCCESS - ***.user.veloxzone.com.br: banheiro de empregada.jpg - 1310803 byte
SUCCESS - ***.user.veloxzone.com.br: banheiro.jpg - 1308190 byte
SUCCESS - ***.user.veloxzone.com.br: cozinha.jpg - 1305811 byte
SUCCESS - ***.user.veloxzone.com.br: quarto 2.jpg - 1222513 byte
SUCCESS - ***.user.veloxzone.com.br: quarto de empregada.jpg - 1278892 byte
SUCCESS - ***.user.veloxzone.com.br: quarto.jpg - 1307223 byte
SUCCESS - ***.user.veloxzone.com.br: sala 2.jpg - 1277672 byte
SUCCESS - ***.user.veloxzone.com.br: sala.jpg - 1286183 byte
SUCCESS - ***.user.veloxzone.com.br: varanda.jpg - 1305584 byte
SUCCESS - ***.user.veloxzone.com.br: VV2004001VARANDA.bmp - 564054 byte
SUCCESS - ***.user.veloxzone.com.br: VV2004002SALA.bmp - 564054 byte
SUCCESS - ***.user.veloxzone.com.br: VV2004003QUARTO1.bmp - 564054 byte
SUCCESS - ***.user.veloxzone.com.br: VV2004004QUARTO2.bmp - 564054 byte
SUCCESS - ***.user.veloxzone.com.br: VV2004005BANHEIRO.bmp - 564054 byte
SUCCESS - ***.user.veloxzone.com.br: VV2004006COZINHA.bmp - 564054 byte
SUCCESS - ***.user.veloxzone.com.br: VV2004001VARANDA.jpg - 30913 byte
SUCCESS - ***.user.veloxzone.com.br: VV2004002SALA.jpg - 35460 byte
SUCCESS - ***.user.veloxzone.com.br: VV2004003QUARTO1.jpg - 44015 byte
SUCCESS - ***.user.veloxzone.com.br: VV2004004QUARTO2.jpg - 31685 byte
SUCCESS - ***.user.veloxzone.com.br: VV2004005BANHEIRO.jpg - 35813 byte
SUCCESS - ***.user.veloxzone.com.br: VV2004006COZINHA.jpg - 39398 byte
SUCCESS - ***.user.veloxzone.com.br: 001.jpg - 40422 byte
SUCCESS - ***.user.veloxzone.com.br: 003.jpg - 38228 byte
SUCCESS - ***.user.veloxzone.com.br: 004.jpg - 44242 byte
SUCCESS - ***.user.veloxzone.com.br: 007.jpg - 23098 byte
SUCCESS - ***.user.veloxzone.com.br: 008.jpg - 26381 byte
SUCCESS - ***.user.veloxzone.com.br: 010.jpg - 24282 byte
SUCCESS - ***.user.veloxzone.com.br: 016.jpg - 36474 byte
SUCCESS - ***.user.veloxzone.com.br: DR WENCHENK 002_2592x1944.jpg - 473274 byte
SUCCESS - ***.user.veloxzone.com.br: DR WENCHENK 003_2592x1944.jpg - 480836 byte
SUCCESS - ***.user.veloxzone.com.br: DR WENCHENK 004_1944x2592.jpg - 441579 byte
SUCCESS - ***.user.veloxzone.com.br: DR WENCHENK 005_2592x1944.jpg - 436522 byte
SUCCESS - ***.user.veloxzone.com.br: DR WENCHENK 006_2592x1944.jpg - 418161 byte
SUCCESS - ***.user.veloxzone.com.br: DR WENCHENK 007_2592x1944.jpg - 476928 byte
SUCCESS - ***.user.veloxzone.com.br: DR WENCHENK 008_1944x2592.jpg - 476563 byte
SUCCESS - ***.user.veloxzone.com.br: DR WENCHENK 009_2592x1944.jpg - 511597 byte
SUCCESS - ***.user.veloxzone.com.br: DR WENCHENK 010_2592x1944.jpg - 405277 byte
SUCCESS - ***.user.veloxzone.com.br: banheiro_1944x2592.jpg - 381321 byte
SUCCESS - ***.user.veloxzone.com.br: cozinha_2592x1944.jpg - 355903 byte
SUCCESS - ***.user.veloxzone.com.br: fachada_2592x1944.jpg - 707397 byte
SUCCESS - ***.user.veloxzone.com.br: parquinho_2592x1944.jpg - 903640 byte
SUCCESS - ***.user.veloxzone.com.br: piscina_2592x1944.jpg - 580423 byte
SUCCESS - ***.user.veloxzone.com.br: quarto 2_2592x1944.jpg - 277351 byte
SUCCESS - ***.user.veloxzone.com.br: quarto 3_2592x1944.jpg - 294929 byte
SUCCESS - ***.user.veloxzone.com.br: quarto_2592x1944.jpg - 310348 byte
SUCCESS - ***.user.veloxzone.com.br: sala_2592x1944.jpg - 303590 byte
SUCCESS - ***.user.veloxzone.com.br: salão de festas_2592x1944.jpg - 629218 byte
SUCCESS - ***.user.veloxzone.com.br: suite_1944x2592.jpg - 340819 byte
SUCCESS - ***.user.veloxzone.com.br: 02.JPG - 828636 byte
SUCCESS - ***.user.veloxzone.com.br: 03.JPG - 859893 byte
SUCCESS - ***.user.veloxzone.com.br: 04.JPG - 883017 byte
SUCCESS - ***.user.veloxzone.com.br: 05.JPG - 813017 byte
SUCCESS - ***.user.veloxzone.com.br: 06.JPG - 799390 byte
SUCCESS - ***.user.veloxzone.com.br: 07.JPG - 866260 byte
SUCCESS - ***.user.veloxzone.com.br: 100_6500.JPG - 414344 byte
SUCCESS - ***.user.veloxzone.com.br: 100_6503.JPG - 376848 byte
SUCCESS - ***.user.veloxzone.com.br: 100_6504.JPG - 469248 byte
SUCCESS - ***.user.veloxzone.com.br: 100_6505.JPG - 449092 byte
SUCCESS - ***.user.veloxzone.com.br: 100_6506.JPG - 429816 byte
SUCCESS - ***.user.veloxzone.com.br: 100_6507.JPG - 378052 byte
SUCCESS - ***.user.veloxzone.com.br: 100_6508.JPG - 395880 byte
SUCCESS - ***.user.veloxzone.com.br: 100_6509.JPG - 436952 byte
SUCCESS - ***.user.veloxzone.com.br: 100_6510.JPG - 395920 byte
FAILED - ***.user.veloxzone.com.br: area de serviço.jpg - 3556559 byte
SUCCESS - ***.user.veloxzone.com.br: banheiro.jpg - 1256960 byte
SUCCESS - ***.user.veloxzone.com.br: cozinha.JPG - 865302 byte
FAILED - ***.user.veloxzone.com.br: garagem.jpg - 3027113 byte
SUCCESS - ***.user.veloxzone.com.br: quarto 3.JPG - 871270 byte
SUCCESS - ***.user.veloxzone.com.br: quarto.JPG - 868469 byte
SUCCESS - ***.user.veloxzone.com.br: quarto2.JPG - 871633 byte
SUCCESS - ***.user.veloxzone.com.br: sala 2.JPG - 895836 byte
SUCCESS - ***.user.veloxzone.com.br: sala.jpg - 1281629 byte
SUCCESS - ***.user.veloxzone.com.br: suite.jpg - 1245398 byte
SUCCESS - ***.user.veloxzone.com.br: CELULAR NOV2012 136.jpg - 22455 byte
SUCCESS - ***.user.veloxzone.com.br: CELULAR NOV2012 138.jpg - 425079 byte
SUCCESS - ***.user.veloxzone.com.br: CELULAR NOV2012 140.jpg - 532453 byte
SUCCESS - ***.user.veloxzone.com.br: CELULAR NOV2012 142.jpg - 823213 byte
SUCCESS - ***.user.veloxzone.com.br: CELULAR NOV2012 146.jpg - 34352 byte
SUCCESS - ***.user.veloxzone.com.br: CELULAR NOV2012 148.jpg - 486481 byte
SUCCESS - ***.user.veloxzone.com.br: SDC10194.JPG - 558904 byte
SUCCESS - ***.user.veloxzone.com.br: SDC10195.JPG - 561534 byte
SUCCESS - ***.user.veloxzone.com.br: SDC10196.JPG - 603747 byte
SUCCESS - ***.user.veloxzone.com.br: SDC10197.JPG - 556243 byte
SUCCESS - ***.user.veloxzone.com.br: SDC10198.JPG - 557179 byte
SUCCESS - ***.user.veloxzone.com.br: SDC10199.JPG - 604157 byte
SUCCESS - ***.user.veloxzone.com.br: SDC10200.JPG - 612588 byte
SUCCESS - ***.user.veloxzone.com.br: SDC10201.JPG - 551288 byte
SUCCESS - ***.user.veloxzone.com.br: SDC10202.JPG - 618861 byte
SUCCESS - ***.user.veloxzone.com.br: 01.jpg - 31118 byte
SUCCESS - ***.user.veloxzone.com.br: 03.jpg - 43436 byte
SUCCESS - ***.user.veloxzone.com.br: 04.jpg - 31529 byte
SUCCESS - ***.user.veloxzone.com.br: 05.jpg - 35652 byte
SUCCESS - ***.user.veloxzone.com.br: 06.jpg - 38564 byte
SUCCESS - ***.user.veloxzone.com.br: 07.jpg - 32906 byte
SUCCESS - ***.user.veloxzone.com.br: 02.jpg - 34856 byte
SUCCESS - ***.virtua.com.br: 14Nov_0010.jpg - 21271 byte
SUCCESS - ***.virtua.com.br: 14Nov_0001.jpg - 15909 byte
SUCCESS - ***.virtua.com.br: 14Nov_0002.jpg - 22143 byte
SUCCESS - ***.virtua.com.br: 14Nov_0003.jpg - 15034 byte
SUCCESS - ***.virtua.com.br: 14Nov_0004.jpg - 16731 byte
SUCCESS - ***.virtua.com.br: 14Nov_0005.jpg - 16673 byte
SUCCESS - ***.user.veloxzone.com.br: Imagem 001.jpg - 457357 byte
SUCCESS - ***.user.veloxzone.com.br: Imagem 002.jpg - 331632 byte
SUCCESS - ***.user.veloxzone.com.br: Imagem 003.jpg - 308140 byte
SUCCESS - ***.user.veloxzone.com.br: Imagem 004.jpg - 270939 byte
SUCCESS - ***.user.veloxzone.com.br: Imagem 005.jpg - 310253 byte
SUCCESS - ***.user.veloxzone.com.br: Imagem 006.jpg - 326245 byte
FAILED - ***.user.veloxzone.com.br: 01.jpg - 2854545 byte
SUCCESS - ***.user.veloxzone.com.br: 01_2592x1944.jpg - 476845 byte
SUCCESS - ***.user.veloxzone.com.br: 02_2592x1944.jpg - 343099 byte
SUCCESS - ***.user.veloxzone.com.br: 03_2592x1944.jpg - 487595 byte
SUCCESS - ***.user.veloxzone.com.br: 04_2592x1944.jpg - 517494 byte
SUCCESS - ***.user.veloxzone.com.br: 05_2592x1944.jpg - 681120 byte
SUCCESS - ***.user.veloxzone.com.br: 06_1944x2592.jpg - 396055 byte
SUCCESS - ***.user.veloxzone.com.br: 07_2592x1944.jpg - 490862 byte
SUCCESS - ***.user.veloxzone.com.br: 08_2592x1944.jpg - 466629 byte
SUCCESS - ***.user.veloxzone.com.br: 09_2592x1944.jpg - 425489 byte
FAILED - ***.user.veloxzone.com.br: 02.jpg - 0 byte
SUCCESS - ***.user.veloxzone.com.br: 01_2592x1944.jpg - 476845 byte
SUCCESS - ***.user.veloxzone.com.br: 02_2592x1944.jpg - 343099 byte
SUCCESS - ***.user.veloxzone.com.br: 03_2592x1944.jpg - 487595 byte
SUCCESS - ***.user.veloxzone.com.br: 04_2592x1944.jpg - 517494 byte
SUCCESS - ***.user.veloxzone.com.br: 05_2592x1944.jpg - 681120 byte
SUCCESS - ***.user.veloxzone.com.br: 06_1944x2592.jpg - 396055 byte
SUCCESS - ***.user.veloxzone.com.br: 07_2592x1944.jpg - 490862 byte
SUCCESS - ***.user.veloxzone.com.br: 08_2592x1944.jpg - 466629 byte
SUCCESS - ***.user.veloxzone.com.br: 09_2592x1944.jpg - 425489 byte
SUCCESS - ***.user.veloxzone.com.br: IMG00073-20120416-1452.jpg - 440620 byte
SUCCESS - ***.user.veloxzone.com.br: IMG00091-20120416-1513.jpg - 465583 byte
SUCCESS - ***.user.veloxzone.com.br: IMG00099-20120416-1516.jpg - 431649 byte
SUCCESS - ***.user.veloxzone.com.br: IMG00073-20120416-1452.jpg - 440620 byte
SUCCESS - ***.user.veloxzone.com.br: IMG00091-20120416-1513.jpg - 465583 byte
SUCCESS - ***.user.veloxzone.com.br: IMG00099-20120416-1516.jpg - 431649 byte
SUCCESS - ***.user.veloxzone.com.br: IMG00102-20120416-1518.jpg - 341759 byte
SUCCESS - ***.user.veloxzone.com.br: IMG00109-20120416-1520.jpg - 477905 byte
SUCCESS - ***.user.veloxzone.com.br: IMG00113-20120416-1526.jpg - 420698 byte
SUCCESS - ***.user.veloxzone.com.br: IMG00860-20120305-1118.jpg - 329797 byte
SUCCESS - ***.user.veloxzone.com.br: IMG00861-20120305-1118.jpg - 400967 byte
SUCCESS - ***.user.veloxzone.com.br: IMG00862-20120305-1118.jpg - 392298 byte
SUCCESS - ***.user.veloxzone.com.br: IMG00864-20120305-1119.jpg - 410297 byte
SUCCESS - ***.user.veloxzone.com.br: IMG00872-20120305-1124.jpg - 402587 byte
SUCCESS - ***.user.veloxzone.com.br: IMG00873-20120305-1125.jpg - 404772 byte
SUCCESS - ***.user.veloxzone.com.br: op+º+Áes c leia 007.jpg - 542394 byte
SUCCESS - ***.user.veloxzone.com.br: op+º+Áes c leia 009.jpg - 584027 byte
SUCCESS - ***.user.veloxzone.com.br: op+º+Áes c leia 010.jpg - 343299 byte
SUCCESS - ***.user.veloxzone.com.br: op+º+Áes c leia 011.jpg - 370092 byte
SUCCESS - ***.user.veloxzone.com.br: op+º+Áes c leia 012.jpg - 483331 byte
SUCCESS - ***.user.veloxzone.com.br: op+º+Áes c leia 013.jpg - 375984 byte
SUCCESS - ***.user.veloxzone.com.br: op+º+Áes c leia 014.jpg - 569331 byte
SUCCESS - ***.user.veloxzone.com.br: op+º+Áes c leia 015.jpg - 374726 byte
SUCCESS - ***.user.veloxzone.com.br: op+º+Áes c leia 016.jpg - 446497 byte
SUCCESS - ***.user.veloxzone.com.br: op+º+Áes c leia 017.jpg - 321946 byte
SUCCESS - ***.user.veloxzone.com.br: op+º+Áes c leia 018.jpg - 440178 byte
SUCCESS - ***.user.veloxzone.com.br: op+º+Áes c leia 019.jpg - 368389 byte
SUCCESS - ***.user.veloxzone.com.br: op+º+Áes c leia 020.jpg - 329555 byte
SUCCESS - ***.user.veloxzone.com.br: ÁREA DE SERVIÇO.JPG - 1319160 byte
SUCCESS - ***.user.veloxzone.com.br: BANHEIRO.JPG - 1321231 byte
SUCCESS - ***.user.veloxzone.com.br: CIRCULAÇÃO.JPG - 1328489 byte
SUCCESS - ***.user.veloxzone.com.br: COZINHA 2º ÂNGULO.JPG - 1279295 byte
SUCCESS - ***.user.veloxzone.com.br: COZINHA.JPG - 1203923 byte
SUCCESS - ***.user.veloxzone.com.br: DEPENDÊNCIA.JPG - 1307427 byte
SUCCESS - ***.user.veloxzone.com.br: GARAGEM.JPG - 1305184 byte
SUCCESS - ***.user.veloxzone.com.br: PLAY.JPG - 1302875 byte
SUCCESS - ***.user.veloxzone.com.br: QUARTO 2.JPG - 1276103 byte
SUCCESS - ***.user.veloxzone.com.br: QUARTO.JPG - 1294370 byte
SUCCESS - ***.user.veloxzone.com.br: SALA 2º ÂNGULO.JPG - 1315580 byte
SUCCESS - ***.user.veloxzone.com.br: SALA.JPG - 1282648 byte
SUCCESS - ***.user.veloxzone.com.br: VARANDA.JPG - 1285459 byte
SUCCESS - ***.user.veloxzone.com.br: DSC02020_2592x1944.jpg - 387523 byte
SUCCESS - ***.user.veloxzone.com.br: DSC02022_1944x2592.jpg - 535757 byte
SUCCESS - ***.user.veloxzone.com.br: DSC02024_1944x2592.jpg - 451761 byte
SUCCESS - ***.user.veloxzone.com.br: DSC02025_1944x2592.jpg - 315668 byte
SUCCESS - ***.user.veloxzone.com.br: DSC02026_1944x2592.jpg - 382706 byte
SUCCESS - ***.user.veloxzone.com.br: DSC02032_2592x1944.jpg - 430489 byte
SUCCESS - ***.user.veloxzone.com.br: DSC02033_1944x2592.jpg - 435816 byte
SUCCESS - ***.user.veloxzone.com.br: DSC02034_2592x1944.jpg - 403174 byte
SUCCESS - ***.user.veloxzone.com.br: DSC02035_1944x2592.jpg - 513118 byte
SUCCESS - ***.user.veloxzone.com.br: DSC02036_2592x1944.jpg - 447925 byte
SUCCESS - ***.user.veloxzone.com.br: DSC02037_1944x2592.jpg - 400648 byte
SUCCESS - ***.user.veloxzone.com.br: DSC02038_2592x1944.jpg - 453759 byte
SUCCESS - ***.user.veloxzone.com.br: DSC02039_2592x1944.jpg - 568218 byte
SUCCESS - ***.user.veloxzone.com.br: DSC02040_2592x1944.jpg - 441779 byte
FAILED - ***.user.veloxzone.com.br: DSC01916.JPG - 2750194 byte
SUCCESS - ***.user.veloxzone.com.br: DSC01916_2592x1944.jpg - 447535 byte
SUCCESS - ***.user.veloxzone.com.br: DSC01917_2592x1944.jpg - 352068 byte
SUCCESS - ***.user.veloxzone.com.br: DSC01918_2592x1944.jpg - 499138 byte
SUCCESS - ***.user.veloxzone.com.br: DSC01919_1944x2592.jpg - 407305 byte
SUCCESS - ***.user.veloxzone.com.br: DSC01920_1944x2592.jpg - 517863 byte
SUCCESS - ***.user.veloxzone.com.br: DSC01921_2592x1944.jpg - 594253 byte
SUCCESS - ***.user.veloxzone.com.br: DSC01922_2592x1944.jpg - 437812 byte
SUCCESS - ***.user.veloxzone.com.br: DSC01923_2592x1944.jpg - 523993 byte
SUCCESS - ***.user.veloxzone.com.br: DSC01924_1944x2592.jpg - 427901 byte
SUCCESS - ***.user.veloxzone.com.br: DSC01925_1944x2592.jpg - 453264 byte
SUCCESS - ***.user.veloxzone.com.br: DSC01928_2592x1944.jpg - 562475 byte
FAILED - ***.user.veloxzone.com.br: DSC01917.JPG - 0 byte
SUCCESS - ***.user.veloxzone.com.br: ÁREA DE SERVIÇO.jpg - 1303115 byte
SUCCESS - ***.user.veloxzone.com.br: BANHEIRO 2° ANGULO.jpg - 1309502 byte
SUCCESS - ***.user.veloxzone.com.br: BANHEIRO.jpg - 1305668 byte
SUCCESS - ***.user.veloxzone.com.br: CIRCULAÇÃO.jpg - 1285679 byte
SUCCESS - ***.user.veloxzone.com.br: COZINHA 2° ANGULO.jpg - 1282530 byte
SUCCESS - ***.user.veloxzone.com.br: COZINHA.jpg - 1293724 byte
SUCCESS - ***.user.veloxzone.com.br: DEP. REVERSSÍVEL.jpg - 1317941 byte
SUCCESS - ***.user.veloxzone.com.br: QUARTO 2.jpg - 1277898 byte
SUCCESS - ***.user.veloxzone.com.br: QUARTO.jpg - 1268481 byte
SUCCESS - ***.user.veloxzone.com.br: SALA 2° ÂNGULO.jpg - 1317218 byte
SUCCESS - ***.user.veloxzone.com.br: SALA.jpg - 1301912 byte
SUCCESS - ***.user.veloxzone.com.br: Imagem 001.jpg - 366916 byte
SUCCESS - ***.user.veloxzone.com.br: Imagem 002.jpg - 264798 byte
SUCCESS - ***.user.veloxzone.com.br: Imagem 003.jpg - 420644 byte
SUCCESS - ***.user.veloxzone.com.br: Imagem 004.jpg - 366552 byte
SUCCESS - ***.user.veloxzone.com.br: Imagem 005.jpg - 463781 byte
SUCCESS - ***.user.veloxzone.com.br: Imagem 006.jpg - 386531 byte
FAILED - ***.user.veloxzone.com.br: DSC05859.JPG - 4013187 byte
FAILED - ***.user.veloxzone.com.br: DSC05860.JPG - 4005362 byte
FAILED - ***.user.veloxzone.com.br: DSC05861.JPG - 3893583 byte
FAILED - ***.user.veloxzone.com.br: DSC05862.JPG - 3423868 byte
FAILED - ***.user.veloxzone.com.br: DSC05863.JPG - 0 byte
FAILED - ***.user.veloxzone.com.br: DSC05864.JPG - 0 byte
SUCCESS - ***.user.veloxzone.com.br: DSC02041_2592x1944.jpg - 413989 byte
SUCCESS - ***.user.veloxzone.com.br: DSC02042_1944x2592.jpg - 395842 byte
SUCCESS - ***.user.veloxzone.com.br: DSC02043_1944x2592.jpg - 388233 byte
SUCCESS - ***.user.veloxzone.com.br: DSC02044_1944x2592.jpg - 420557 byte
SUCCESS - ***.user.veloxzone.com.br: DSC02046_2592x1944.jpg - 452103 byte
SUCCESS - ***.virtua.com.br: AGUA GRANDE (1).JPG - 1727798 byte
SUCCESS - ***.virtua.com.br: AGUA GRANDE (2).JPG - 1634954 byte
SUCCESS - ***.virtua.com.br: AGUA GRANDE (3).JPG - 1765239 byte
SUCCESS - ***.virtua.com.br: AGUA GRANDE (4).JPG - 1783531 byte
SUCCESS - ***.virtua.com.br: AGUA GRANDE (5).JPG - 1725725 byte
SUCCESS - ***.virtua.com.br: AGUA GRANDE (6).JPG - 1599731 byte
SUCCESS - ***.virtua.com.br: AGUA GRANDE (7).JPG - 1789042 byte
SUCCESS - ***.virtua.com.br: AGUA GRANDE (8).JPG - 1836366 byte
SUCCESS - ***.user.veloxzone.com.br: 10_1944x2592.jpg - 441237 byte
SUCCESS - ***.user.veloxzone.com.br: 02_1944x2592.jpg - 957603 byte
SUCCESS - ***.user.veloxzone.com.br: 01_2592x1944.jpg - 382595 byte
SUCCESS - ***.user.veloxzone.com.br: 09_2592x1944.jpg - 438421 byte
SUCCESS - ***.user.veloxzone.com.br: 03_2592x1944.jpg - 429864 byte
SUCCESS - ***.user.veloxzone.com.br: 04_2592x1944.jpg - 449346 byte
SUCCESS - ***.user.veloxzone.com.br: 08_2592x1944.jpg - 343659 byte
SUCCESS - ***.user.veloxzone.com.br: 07_1944x2592.jpg - 344517 byte
SUCCESS - ***.user.veloxzone.com.br: 06_2592x1944.jpg - 506380 byte
SUCCESS - ***.user.veloxzone.com.br: 05_1944x2592.jpg - 417812 byte
SUCCESS - ***.user.veloxzone.com.br: 10_1944x2592.jpg - 441237 byte
SUCCESS - ***.user.veloxzone.com.br: 02_1944x2592.jpg - 957603 byte
SUCCESS - ***.user.veloxzone.com.br: 01_2592x1944.jpg - 382595 byte
SUCCESS - ***.user.veloxzone.com.br: 09_2592x1944.jpg - 438421 byte
FAILED - ***.user.veloxzone.com.br: 03_2592x1944.jpg - 0 byte
SUCCESS - ***.user.veloxzone.com.br: SDC10211.JPG - 617195 byte
SUCCESS - ***.user.veloxzone.com.br: SDC10210.JPG - 610967 byte
SUCCESS - ***.user.veloxzone.com.br: SDC10208.JPG - 583928 byte
SUCCESS - ***.user.veloxzone.com.br: SDC10209.JPG - 610719 byte
SUCCESS - ***.user.veloxzone.com.br: SDC10204.JPG - 624814 byte
SUCCESS - ***.user.veloxzone.com.br: SDC10205.JPG - 571031 byte
SUCCESS - ***.user.veloxzone.com.br: SDC10206.JPG - 579578 byte
SUCCESS - ***.user.veloxzone.com.br: SDC10207.JPG - 575114 byte
SUCCESS - ***.user.veloxzone.com.br: DSC05866_4000x2672.jpg - 797495 byte
SUCCESS - ***.user.veloxzone.com.br: DSC05868_2672x4000.jpg - 838885 byte
SUCCESS - ***.user.veloxzone.com.br: DSC05861_2672x4000.jpg - 804354 byte
SUCCESS - ***.user.veloxzone.com.br: DSC05862_2672x4000.jpg - 834706 byte
SUCCESS - ***.user.veloxzone.com.br: DSC05864_4000x3000.jpg - 1069927 byte
SUCCESS - ***.user.veloxzone.com.br: DSC05863_2672x4000.jpg - 852890 byte
SUCCESS - ***.user.veloxzone.com.br: DSC05860_2672x4000.jpg - 882389 byte
SUCCESS - ***.user.veloxzone.com.br: DSC05859_4000x2672.jpg - 1061406 byte
SUCCESS - ***.user.veloxzone.com.br: SALA 2° ANGULO.jpg - 1312271 byte
SUCCESS - ***.user.veloxzone.com.br: SALA 3° ANGULO.jpg - 1327493 byte
SUCCESS - ***.user.veloxzone.com.br: SALA.jpg - 1303145 byte
SUCCESS - ***.user.veloxzone.com.br: QUARTO 2.jpg - 1284913 byte
SUCCESS - ***.user.veloxzone.com.br: QUARTO.jpg - 1303642 byte
SUCCESS - ***.user.veloxzone.com.br: CIRCULAÇÃO.jpg - 1323554 byte
SUCCESS - ***.user.veloxzone.com.br: BANHEIRO.jpg - 1319003 byte
SUCCESS - ***.user.veloxzone.com.br: VARANDA.jpg - 1270033 byte
SUCCESS - ***.user.veloxzone.com.br: COZINHA 2° ANGULO.jpg - 1287628 byte
SUCCESS - ***.user.veloxzone.com.br: COZINHA.jpg - 1290145 byte
SUCCESS - ***.user.veloxzone.com.br: ÁREA.jpg - 1310521 byte
SUCCESS - ***.user.veloxzone.com.br: ENTRADA.jpg - 1240010 byte
SUCCESS - ***.user.veloxzone.com.br: SALA 2º ÂNGULO_640x480.jpg - 40855 byte
SUCCESS - ***.user.veloxzone.com.br: SALA_640x480.jpg - 52519 byte
SUCCESS - ***.user.veloxzone.com.br: VARANDA_640x480.jpg - 64624 byte
SUCCESS - ***.user.veloxzone.com.br: QUARTO 2_640x480.jpg - 65093 byte
SUCCESS - ***.user.veloxzone.com.br: QUARTO 3_640x480.jpg - 50175 byte
SUCCESS - ***.user.veloxzone.com.br: QUARTO_640x480.jpg - 60745 byte
SUCCESS - ***.user.veloxzone.com.br: CIRCULAÇÃO_640x480.jpg - 52690 byte
SUCCESS - ***.user.veloxzone.com.br: BANHEIRO 2_480x640.jpg - 70495 byte
SUCCESS - ***.user.veloxzone.com.br: BANHEIRO 3_480x640.jpg - 61819 byte
SUCCESS - ***.user.veloxzone.com.br: BANHEIRO_480x640.jpg - 57739 byte
SUCCESS - ***.user.veloxzone.com.br: COZINHA 2º ÂNGULO_640x480.jpg - 75567 byte
SUCCESS - ***.user.veloxzone.com.br: COZINHA_640x480.jpg - 64242 byte
SUCCESS - ***.user.veloxzone.com.br: FACHADA_640x480.jpg - 75201 byte
SUCCESS - ***.user.veloxzone.com.br: QUINTAL 2º ÂNGULO_640x480.jpg - 106471 byte
SUCCESS - ***.user.veloxzone.com.br: QUINTAL_640x480.jpg - 96219 byte
SUCCESS - ***.user.veloxzone.com.br: TERRAÇO 2º ÂNGULO_640x480.jpg - 58676 byte
SUCCESS - ***.user.veloxzone.com.br: TERRAÇO 3º ÂNGULO_640x480.jpg - 64964 byte
SUCCESS - ***.user.veloxzone.com.br: TERRAÇO_640x480.jpg - 53144 byte
SUCCESS - ***.user.veloxzone.com.br: ÁREA_640x480.jpg - 72277 byte
SUCCESS - ***.user.veloxzone.com.br: ÁREA DE SERVIÇO_480x640.jpg - 71158 byte
SUCCESS - ***.user.veloxzone.com.br: DSC02065_2592x1944.jpg - 449384 byte
SUCCESS - ***.user.veloxzone.com.br: DSC02066_2592x1944.jpg - 474782 byte
SUCCESS - ***.user.veloxzone.com.br: DSC02067_1944x2592.jpg - 458114 byte
SUCCESS - ***.user.veloxzone.com.br: DSC02068_2592x1944.jpg - 481359 byte
SUCCESS - ***.user.veloxzone.com.br: DSC02069_2592x1944.jpg - 284734 byte
SUCCESS - ***.user.veloxzone.com.br: DSC02070_2592x1944.jpg - 445232 byte
SUCCESS - ***.user.veloxzone.com.br: DSC02072_2592x1944.jpg - 416139 byte
SUCCESS - ***.user.veloxzone.com.br: DSC02073_2592x1944.jpg - 498874 byte
SUCCESS - ***.user.veloxzone.com.br: DSC02075_1944x2592.jpg - 548971 byte
SUCCESS - ***.user.veloxzone.com.br: DSC01920.JPG - 1312110 byte
SUCCESS - ***.user.veloxzone.com.br: DSC01906.JPG - 1279949 byte
SUCCESS - ***.user.veloxzone.com.br: DSC01907.JPG - 1150780 byte
SUCCESS - ***.user.veloxzone.com.br: DSC01910.JPG - 1225197 byte
SUCCESS - ***.user.veloxzone.com.br: DSC01917 DFW.jpg - 843655 byte
SUCCESS - ***.user.veloxzone.com.br: DSC01919.JPG - 1312811 byte
SUCCESS - ***.user.veloxzone.com.br: DSC01921.JPG - 1295063 byte
SUCCESS - ***.user.veloxzone.com.br: DSC01922 FG.jpg - 618232 byte
SUCCESS - ***.user.veloxzone.com.br: DSC02559_2592x1944.jpg - 354593 byte
SUCCESS - ***.user.veloxzone.com.br: DSC02561_2592x1944.jpg - 514417 byte
SUCCESS - ***.user.veloxzone.com.br: DSC02565 (1)_2592x1944.jpg - 512959 byte
SUCCESS - ***.user.veloxzone.com.br: DSC02568 (1)_2592x1944.jpg - 478597 byte
SUCCESS - ***.user.veloxzone.com.br: DSC02573 (1)_2592x1944.jpg - 273894 byte
SUCCESS - ***.user.veloxzone.com.br: DSC02578_2592x1944.jpg - 278489 byte
SUCCESS - ***.user.veloxzone.com.br: DSC02581_2592x1944.jpg - 518035 byte
SUCCESS - ***.user.veloxzone.com.br: DSC02583 (1)_2592x1944.jpg - 528614 byte
SUCCESS - ***.user.veloxzone.com.br: 1004-sala-corredor.jpg - 343057 byte
SUCCESS - ***.user.veloxzone.com.br: 1019-escrit+¦rio.jpg - 433069 byte
SUCCESS - ***.user.veloxzone.com.br: 1008-qt2.jpg - 250409 byte
FAILED - ***.user.veloxzone.com.br: 1009-qt1.JPG - 2520366 byte
SUCCESS - ***.user.veloxzone.com.br: 1015-banheiro.jpg - 383905 byte
FAILED - ***.user.veloxzone.com.br: 1011-cozinha.JPG - 2106701 byte
SUCCESS - ***.user.veloxzone.com.br: 1011b-cozinha.JPG - 1935925 byte
SUCCESS - ***.user.veloxzone.com.br: 1001c-terra+ºo.JPG - 397594 byte
SUCCESS - ***.user.veloxzone.com.br: 1001a-varanda.jpg - 397696 byte
SUCCESS - ***.user.veloxzone.com.br: 1001d-terra+ºo.JPG - 378743 byte
FAILED - ***.user.veloxzone.com.br: 1001b-fundos.JPG - 2381516 byte
SUCCESS - ***.user.veloxzone.com.br: 1004-sala-corredor_800x600.jpg - 82845 byte
SUCCESS - ***.user.veloxzone.com.br: 1019-escrit+¦rio_800x600.jpg - 101827 byte
SUCCESS - ***.user.veloxzone.com.br: 1008-qt2_450x600.jpg - 69554 byte
SUCCESS - ***.user.veloxzone.com.br: 1009-qt1_4288x3216.jpg - 1020664 byte
SUCCESS - ***.user.veloxzone.com.br: 1015-banheiro_800x600.jpg - 85504 byte
SUCCESS - ***.user.veloxzone.com.br: 1011-cozinha_3216x4288.jpg - 869603 byte
SUCCESS - ***.user.veloxzone.com.br: 1011b-cozinha_4288x3216.jpg - 1070614 byte
SUCCESS - ***.user.veloxzone.com.br: 1001c-terra+ºo_800x600.jpg - 99695 byte
SUCCESS - ***.user.veloxzone.com.br: 1001a-varanda_800x600.jpg - 92533 byte
SUCCESS - ***.user.veloxzone.com.br: 1001d-terra+ºo_800x600.jpg - 83863 byte
SUCCESS - ***.user.veloxzone.com.br: 1001b-fundos_4288x3216.jpg - 998732 byte
SUCCESS - ***.user.veloxzone.com.br: 27Nov_0002.jpg - 11241 byte
SUCCESS - ***.user.veloxzone.com.br: 27Nov_0003.jpg - 14163 byte
SUCCESS - ***.user.veloxzone.com.br: 27Nov_0004.jpg - 12935 byte
SUCCESS - ***.user.veloxzone.com.br: 27Nov_0005.jpg - 12264 byte
SUCCESS - ***.user.veloxzone.com.br: 27Nov_0006 (3).jpg - 12567 byte
SUCCESS - ***.user.veloxzone.com.br: COZINHA.jpg - 50521 byte
SUCCESS - ***.user.veloxzone.com.br: SALA.jpg - 63650 byte
SUCCESS - ***.user.veloxzone.com.br: QUARTO 2.jpg - 52919 byte
SUCCESS - ***.user.veloxzone.com.br: QUARTO 3.jpg - 44104 byte
SUCCESS - ***.user.veloxzone.com.br: QUARTO.jpg - 54755 byte
SUCCESS - ***.user.veloxzone.com.br: BANHEIRO 2° ÂNGULO.jpg - 66771 byte
SUCCESS - ***.user.veloxzone.com.br: BANHEIRO.jpg - 57927 byte
SUCCESS - ***.user.veloxzone.com.br: SUÍTE 2° ÂNGULO.jpg - 41606 byte
SUCCESS - ***.user.veloxzone.com.br: SUÍTE.jpg - 42693 byte
SUCCESS - ***.user.veloxzone.com.br: 2ª SALA 2° ÂNGULO.jpg - 56316 byte
SUCCESS - ***.user.veloxzone.com.br: 2ª SALA.jpg - 51824 byte
SUCCESS - ***.user.veloxzone.com.br: 2° TERRAÇO.jpg - 47083 byte
SUCCESS - ***.user.veloxzone.com.br: ÁREA DE SERVIÇO.jpg - 62261 byte
SUCCESS - ***.user.veloxzone.com.br: ESCADA.jpg - 28675 byte
SUCCESS - ***.user.veloxzone.com.br: TERRAÇO.jpg - 53723 byte
SUCCESS - ***.user.veloxzone.com.br: VISTA DA CASA.jpg - 57707 byte
SUCCESS - ***.user.veloxzone.com.br: FACHADA.jpg - 70694 byte
SUCCESS - ***.user.veloxzone.com.br: SDC10226.JPG - 605784 byte
SUCCESS - ***.user.veloxzone.com.br: SALA.jpg - 443067 byte
SUCCESS - ***.user.veloxzone.com.br: QUARTO.jpg - 1278322 byte
SUCCESS - ***.user.veloxzone.com.br: QUARTO 2.jpg - 578548 byte
SUCCESS - ***.user.veloxzone.com.br: CIRCULAÇÃO.jpg - 1220893 byte
SUCCESS - ***.user.veloxzone.com.br: BANHEIRO.jpg - 1291627 byte
SUCCESS - ***.user.veloxzone.com.br: COZINHA.jpg - 1266403 byte
SUCCESS - ***.user.veloxzone.com.br: ÁREA DE LAZER.jpg - 1277163 byte
SUCCESS - ***.user.veloxzone.com.br: QUADRA DE ESPORTES.jpg - 1197862 byte
SUCCESS - ***.user.veloxzone.com.br: ENTRADA PRÉDIO.jpg - 1287966 byte
SUCCESS - ***.user.veloxzone.com.br: Matupa (4)_2592x1944.jpg - 267622 byte
SUCCESS - ***.user.veloxzone.com.br: Matupa (3)_2592x1944.jpg - 232712 byte
SUCCESS - ***.user.veloxzone.com.br: Matupa (2)_1944x2592.jpg - 429121 byte
SUCCESS - ***.user.veloxzone.com.br: Matupa (11)_1944x2592.jpg - 339632 byte
SUCCESS - ***.user.veloxzone.com.br: Matupa (1)_2592x1944.jpg - 317074 byte
SUCCESS - ***.user.veloxzone.com.br: Matupa (9)_2592x1944.jpg - 332988 byte
SUCCESS - ***.user.veloxzone.com.br: Matupa (10)_1944x2592.jpg - 365215 byte
SUCCESS - ***.user.veloxzone.com.br: Matupa (8)_2592x1944.jpg - 449502 byte
SUCCESS - ***.user.veloxzone.com.br: Matupa (5)_2592x1944.jpg - 360595 byte
SUCCESS - ***.user.veloxzone.com.br: img-338-169_1440x960.jpg - 79686 byte
SUCCESS - ***.user.veloxzone.com.br: img-338-172_640x960.jpg - 28485 byte
SUCCESS - ***.user.veloxzone.com.br: img-338-171_640x960.jpg - 28450 byte
SUCCESS - ***.user.veloxzone.com.br: img-338-159_1440x960.jpg - 91441 byte
SUCCESS - ***.user.veloxzone.com.br: img-338-160_1440x960.jpg - 59043 byte
SUCCESS - ***.user.veloxzone.com.br: img-338-168_1440x960.jpg - 83907 byte
SUCCESS - ***.user.veloxzone.com.br: SDC10257.JPG - 606017 byte
SUCCESS - ***.user.veloxzone.com.br: SDC10256.JPG - 620031 byte
SUCCESS - ***.user.veloxzone.com.br: SDC10253.JPG - 611666 byte
SUCCESS - ***.user.veloxzone.com.br: SDC10254.JPG - 612554 byte
SUCCESS - ***.user.veloxzone.com.br: SDC10255.JPG - 611324 byte
SUCCESS - ***.user.veloxzone.com.br: SDC10252.JPG - 580320 byte
SUCCESS - ***.user.veloxzone.com.br: SDC10249.JPG - 611958 byte
SUCCESS - ***.user.veloxzone.com.br: SDC10250.JPG - 613667 byte
SUCCESS - ***.user.veloxzone.com.br: SDC10251.JPG - 618425 byte
SUCCESS - ***.user.veloxzone.com.br: c-im-1-204_371x450.jpg - 30123 byte
SUCCESS - ***.user.veloxzone.com.br: img-338-155_640x960.jpg - 91996 byte
SUCCESS - ***.user.veloxzone.com.br: 100_2239.JPG - 2075726 byte
SUCCESS - ***.user.veloxzone.com.br: 100_2240.JPG - 1932059 byte
FAILED - ***.user.veloxzone.com.br: 100_1538.JPG - 2735535 byte
FAILED - ***.user.veloxzone.com.br: 100_2237.JPG - 0 byte
SUCCESS - ***.user.veloxzone.com.br: 100_2239_3216x4288.jpg - 1001455 byte
SUCCESS - ***.user.veloxzone.com.br: 100_2240_4288x3216.jpg - 871725 byte
SUCCESS - ***.user.veloxzone.com.br: 100_2238_3216x4288.jpg - 1356339 byte
SUCCESS - ***.user.veloxzone.com.br: 100_1538_4288x3216.jpg - 1312188 byte
SUCCESS - ***.user.veloxzone.com.br: FOTO_4288x3216.jpg - 1052160 byte
SUCCESS - ***.user.veloxzone.com.br: DSC02093_2592x1944.jpg - 313463 byte
SUCCESS - ***.user.veloxzone.com.br: DSC02092_2592x1944.jpg - 493547 byte
SUCCESS - ***.user.veloxzone.com.br: DSC02089_2592x1944.jpg - 241765 byte
SUCCESS - ***.user.veloxzone.com.br: DSC02097_2592x1944.jpg - 352188 byte
SUCCESS - ***.user.veloxzone.com.br: DSC02090_2592x1944.jpg - 375817 byte
SUCCESS - ***.user.veloxzone.com.br: DSC02091_2592x1944.jpg - 325840 byte
SUCCESS - ***.user.veloxzone.com.br: DSC02094_2592x1944.jpg - 475666 byte
SUCCESS - ***.user.veloxzone.com.br: DSC02096_2592x1944.jpg - 302060 byte
SUCCESS - ***.user.veloxzone.com.br: DSC02095_2592x1944.jpg - 399819 byte
SUCCESS - ***.user.veloxzone.com.br: DSC02098_2592x1944.jpg - 577174 byte
SUCCESS - ***.user.veloxzone.com.br: 11.jpg - 33049 byte
SUCCESS - ***.user.veloxzone.com.br: 10.jpg - 29576 byte
SUCCESS - ***.user.veloxzone.com.br: 004.jpg - 27760 byte
SUCCESS - ***.user.veloxzone.com.br: 001.jpg - 33482 byte
SUCCESS - ***.user.veloxzone.com.br: 003.jpg - 30625 byte
SUCCESS - ***.user.veloxzone.com.br: 009.jpg - 32412 byte
SUCCESS - ***.user.veloxzone.com.br: 005.jpg - 43790 byte
SUCCESS - ***.user.veloxzone.com.br: 007.jpg - 45472 byte
SUCCESS - ***.user.veloxzone.com.br: SDC10269.JPG - 623934 byte
SUCCESS - ***.user.veloxzone.com.br: SDC10270.JPG - 608128 byte
SUCCESS - ***.user.veloxzone.com.br: SDC10267.JPG - 612494 byte
SUCCESS - ***.user.veloxzone.com.br: SDC10265.JPG - 614252 byte
SUCCESS - ***.user.veloxzone.com.br: SDC10266.JPG - 560633 byte
SUCCESS - ***.user.veloxzone.com.br: SDC10263.JPG - 614875 byte
SUCCESS - ***.user.veloxzone.com.br: SDC10261.JPG - 620663 byte
SUCCESS - ***.user.veloxzone.com.br: SDC10262.JPG - 576527 byte
SUCCESS - ***.user.veloxzone.com.br: SDC10264.JPG - 577959 byte
SUCCESS - ***.user.veloxzone.com.br: SDC10260.JPG - 596157 byte
SUCCESS - ***.user.veloxzone.com.br: Brasileia (1)_2592x1944.jpg - 353129 byte
SUCCESS - ***.user.veloxzone.com.br: Brasileia (2)_2592x1944.jpg - 242713 byte
SUCCESS - ***.user.veloxzone.com.br: Brasileia (3)_2592x1944.jpg - 419369 byte
SUCCESS - ***.user.veloxzone.com.br: Brasileia (4)_2592x1944.jpg - 292739 byte
SUCCESS - ***.user.veloxzone.com.br: Brasileia (5)_1944x2592.jpg - 343738 byte
SUCCESS - ***.user.veloxzone.com.br: Brasileia (6)_2592x1944.jpg - 399576 byte
SUCCESS - ***.user.veloxzone.com.br: Brasileia (7)_2592x1944.jpg - 382709 byte
SUCCESS - ***.user.veloxzone.com.br: Brasileia (8)_2592x1944.jpg - 437437 byte
SUCCESS - ***.user.veloxzone.com.br: Brasileia (9)_2592x1944.jpg - 255840 byte
SUCCESS - ***.user.veloxzone.com.br: Brasileia (10)_2592x1944.jpg - 323141 byte
SUCCESS - ***.user.veloxzone.com.br: Brasileia (11)_2592x1944.jpg - 332136 byte
SUCCESS - ***.user.veloxzone.com.br: Brasileia (12)_1944x2592.jpg - 379284 byte
SUCCESS - ***.user.veloxzone.com.br: Brasileia (13)_2592x1944.jpg - 355645 byte
SUCCESS - ***.user.veloxzone.com.br: Brasileia (14)_2592x1944.jpg - 410446 byte
SUCCESS - ***.user.veloxzone.com.br: Brasileia (15)_2592x1944.jpg - 488499 byte
SUCCESS - ***.user.veloxzone.com.br: Gustavo Andrade (1)_2592x1944.jpg - 887625 byte
SUCCESS - ***.user.veloxzone.com.br: Gustavo Andrade (2)_2592x1944.jpg - 293663 byte
SUCCESS - ***.user.veloxzone.com.br: Gustavo Andrade (3)_2592x1944.jpg - 257663 byte
SUCCESS - ***.user.veloxzone.com.br: Gustavo Andrade (5)_2592x1944.jpg - 264591 byte
SUCCESS - ***.user.veloxzone.com.br: Gustavo Andrade (6)_2592x1944.jpg - 460684 byte
SUCCESS - ***.user.veloxzone.com.br: Gustavo Andrade (7)_2592x1944.jpg - 497167 byte
SUCCESS - ***.user.veloxzone.com.br: PICT0137.JPG - 258793 byte
SUCCESS - ***.user.veloxzone.com.br: PICT0138.JPG - 256994 byte
SUCCESS - ***.user.veloxzone.com.br: PICT0172.JPG - 216954 byte
SUCCESS - ***.user.veloxzone.com.br: PICT0140.JPG - 238680 byte
SUCCESS - ***.user.veloxzone.com.br: PICT0161.JPG - 193335 byte
SUCCESS - ***.user.veloxzone.com.br: PICT0163.JPG - 218201 byte
SUCCESS - ***.user.veloxzone.com.br: PICT0145.JPG - 245751 byte
SUCCESS - ***.user.veloxzone.com.br: PICT0144.JPG - 249191 byte
SUCCESS - ***.user.veloxzone.com.br: PICT0159.JPG - 232866 byte
SUCCESS - ***.user.veloxzone.com.br: PICT0171.JPG - 180103 byte
SUCCESS - ***.user.veloxzone.com.br: PICT0166.JPG - 209397 byte
SUCCESS - ***.user.veloxzone.com.br: PICT0156.JPG - 188075 byte
SUCCESS - ***.user.veloxzone.com.br: PICT0142.JPG - 253257 byte
SUCCESS - ***.user.veloxzone.com.br: PICT0149.JPG - 384219 byte
SUCCESS - ***.user.veloxzone.com.br: PICT0146.JPG - 285198 byte
SUCCESS - ***.user.veloxzone.com.br: PICT0153.JPG - 189087 byte
SUCCESS - ***.user.veloxzone.com.br: SALA 2º ÂNGULO.JPG - 1321041 byte
SUCCESS - ***.user.veloxzone.com.br: QUARTO 2º ÂNGULO.JPG - 1289815 byte
SUCCESS - ***.user.veloxzone.com.br: QUARTO.JPG - 1317456 byte
SUCCESS - ***.user.veloxzone.com.br: BANHEIRO.JPG - 1305867 byte
SUCCESS - ***.user.veloxzone.com.br: BANHEIRO 2º ÂNGULO.JPG - 1303878 byte
SUCCESS - ***.user.veloxzone.com.br: COZINHA.JPG - 1308888 byte
SUCCESS - ***.user.veloxzone.com.br: COZINHA 2º ÂNGULO.JPG - 1289136 byte
SUCCESS - ***.user.veloxzone.com.br: VARANDA.JPG - 1301062 byte
SUCCESS - ***.user.veloxzone.com.br: QUINTAL 2º ÂNGULO.JPG - 1309347 byte
SUCCESS - ***.user.veloxzone.com.br: QUINTAL.JPG - 1313070 byte
SUCCESS - ***.user.veloxzone.com.br: SALA.JPG - 1289162 byte
SUCCESS - ***.user.veloxzone.com.br: Vaz Lobo (2)_2592x1944.jpg - 597124 byte
SUCCESS - ***.user.veloxzone.com.br: Vaz Lobo (3)_2592x1944.jpg - 432864 byte
SUCCESS - ***.user.veloxzone.com.br: Vaz Lobo (1)_2592x1944.jpg - 507462 byte
SUCCESS - ***.user.veloxzone.com.br: Vaz Lobo (6)_2592x1944.jpg - 409545 byte
SUCCESS - ***.user.veloxzone.com.br: Vaz Lobo (7)_2592x1944.jpg - 410415 byte
SUCCESS - ***.user.veloxzone.com.br: Vaz Lobo (4)_2592x1944.jpg - 438991 byte
SUCCESS - ***.user.veloxzone.com.br: Vaz Lobo (5)_2592x1944.jpg - 440571 byte
SUCCESS - ***.user.veloxzone.com.br: Vaz Lobo (8)_2592x1944.jpg - 441305 byte
SUCCESS - ***.user.veloxzone.com.br: Vaz Lobo (9)_2592x1944.jpg - 612279 byte
SUCCESS - ***.user.veloxzone.com.br: Vaz Lobo (10)_1944x2592.jpg - 618051 byte
SUCCESS - ***.user.veloxzone.com.br: Vaz Lobo (11)_2592x1944.jpg - 859627 byte
SUCCESS - ***.user.veloxzone.com.br: Vaz Lobo (12)_1944x2592.jpg - 459512 byte
SUCCESS - ***.user.veloxzone.com.br: Vaz Lobo (13)_1944x2592.jpg - 1205157 byte
SUCCESS - ***.user.veloxzone.com.br: Vaz Lobo (14)_2592x1944.jpg - 477713 byte
SUCCESS - ***.user.veloxzone.com.br: Vaz Lobo (29)_2592x1944.jpg - 533369 byte
SUCCESS - ***.user.veloxzone.com.br: SDC10279.JPG - 607463 byte
SUCCESS - ***.user.veloxzone.com.br: SDC10277.JPG - 605827 byte
SUCCESS - ***.user.veloxzone.com.br: SDC10281.JPG - 610465 byte
SUCCESS - ***.user.veloxzone.com.br: SDC10282.JPG - 607968 byte
SUCCESS - ***.user.veloxzone.com.br: SDC10283.JPG - 609328 byte
SUCCESS - ***.user.veloxzone.com.br: SDC10285.JPG - 612992 byte
SUCCESS - ***.user.veloxzone.com.br: SDC10286.JPG - 617993 byte
SUCCESS - ***.user.veloxzone.com.br: SDC10275.JPG - 612540 byte
SUCCESS - ***.user.veloxzone.com.br: SDC10284.JPG - 602507 byte
SUCCESS - ***.user.veloxzone.com.br: SDC10287.JPG - 609143 byte
SUCCESS - ***.user.veloxzone.com.br: SDC10272.JPG - 607570 byte
SUCCESS - ***.user.veloxzone.com.br: SDC10273.JPG - 613687 byte
SUCCESS - ***.user.veloxzone.com.br: SDC10274.JPG - 610016 byte
SUCCESS - ***.user.veloxzone.com.br: SDC10276.JPG - 610970 byte
SUCCESS - ***.user.veloxzone.com.br: SDC10280.JPG - 616147 byte
SUCCESS - ***.user.veloxzone.com.br: SDC10288.JPG - 610080 byte
SUCCESS - ***.user.veloxzone.com.br: SDC10289.JPG - 613098 byte
SUCCESS - ***.user.veloxzone.com.br: SDC10291.JPG - 617075 byte
SUCCESS - ***.user.veloxzone.com.br: Sem t+¡tulo13.jpg - 24877 byte
SUCCESS - ***.user.veloxzone.com.br: Sem t+¡tulo14.jpg - 48751 byte
SUCCESS - ***.user.veloxzone.com.br: Sem t+¡tulo15.jpg - 40841 byte
SUCCESS - ***.user.veloxzone.com.br: Sem t+¡tulo10.jpg - 29056 byte
SUCCESS - ***.user.veloxzone.com.br: Sem t+¡tulo11.jpg - 51603 byte
SUCCESS - ***.user.veloxzone.com.br: Sem t+¡tulo12.jpg - 18749 byte
SUCCESS - ***.user.veloxzone.com.br: Sem t+¡tulo2.jpg - 63093 byte
SUCCESS - ***.user.veloxzone.com.br: Sem t+¡tulo3.jpg - 48148 byte
SUCCESS - ***.user.veloxzone.com.br: Sem t+¡tulo7.jpg - 38899 byte
SUCCESS - ***.user.veloxzone.com.br: Sem t+¡tulo8.jpg - 45168 byte
SUCCESS - ***.user.veloxzone.com.br: Sem t+¡tulo9.jpg - 57266 byte
SUCCESS - ***.user.veloxzone.com.br: Fachada.jpg - 61656 byte
SUCCESS - ***.user.veloxzone.com.br: Sem t+¡tulo.jpg - 60422 byte
SUCCESS - ***.user.veloxzone.com.br: Sem t+¡tulo5.jpg - 55511 byte
SUCCESS - ***.user.veloxzone.com.br: Sem t+¡tulo6.jpg - 58030 byte
SUCCESS - ***.user.veloxzone.com.br: 102_8498.JPG - 49018 byte
SUCCESS - ***.user.veloxzone.com.br: 102_8511.JPG - 47820 byte
SUCCESS - ***.user.veloxzone.com.br: 102_8491.JPG - 47272 byte
SUCCESS - ***.user.veloxzone.com.br: 102_8503.JPG - 39139 byte
SUCCESS - ***.user.veloxzone.com.br: 102_8504.JPG - 35121 byte
SUCCESS - ***.user.veloxzone.com.br: 102_8506.JPG - 35818 byte
SUCCESS - ***.user.veloxzone.com.br: 102_8463.JPG - 38027 byte
SUCCESS - ***.user.veloxzone.com.br: 102_8464.JPG - 53995 byte
SUCCESS - ***.user.veloxzone.com.br: C+¦pia de ch 85.jpg - 56718 byte
SUCCESS - ***.user.veloxzone.com.br: 102_8536.JPG - 39302 byte
SUCCESS - ***.user.veloxzone.com.br: 102_8539.JPG - 47826 byte
SUCCESS - ***.user.veloxzone.com.br: 102_8441.JPG - 37266 byte
SUCCESS - ***.user.veloxzone.com.br: 102_8442.JPG - 45352 byte
SUCCESS - ***.user.veloxzone.com.br: 102_8526.JPG - 46318 byte
SUCCESS - ***.user.veloxzone.com.br: 102_8530.JPG - 56194 byte
SUCCESS - ***.user.veloxzone.com.br: 102_8531.JPG - 48573 byte
SUCCESS - ***.user.veloxzone.com.br: 102_8542.JPG - 44054 byte
SUCCESS - ***.user.veloxzone.com.br: 102_8545.JPG - 47480 byte
SUCCESS - ***.user.veloxzone.com.br: 102_8549.JPG - 45668 byte
SUCCESS - ***.user.veloxzone.com.br: SAM_1121.JPG - 83014 byte
SUCCESS - ***.user.veloxzone.com.br: SAM_1122.JPG - 90389 byte
SUCCESS - ***.user.veloxzone.com.br: SAM_1123.JPG - 71172 byte
SUCCESS - ***.user.veloxzone.com.br: SAM_1124.JPG - 74523 byte
SUCCESS - ***.user.veloxzone.com.br: SAM_1125.JPG - 87093 byte
SUCCESS - ***.user.veloxzone.com.br: SAM_1126.JPG - 72191 byte
SUCCESS - ***.user.veloxzone.com.br: SAM_1128.JPG - 74615 byte
SUCCESS - ***.user.veloxzone.com.br: SAM_1136.JPG - 79104 byte
SUCCESS - ***.user.veloxzone.com.br: SAM_1131.JPG - 65196 byte
SUCCESS - ***.user.veloxzone.com.br: SAM_1132.JPG - 55291 byte
SUCCESS - ***.user.veloxzone.com.br: SAM_1133.JPG - 56379 byte
SUCCESS - ***.user.veloxzone.com.br: SAM_1135.JPG - 82028 byte
SUCCESS - ***.user.veloxzone.com.br: SAM_1137.JPG - 92551 byte
SUCCESS - ***.user.veloxzone.com.br: SAM_1138.JPG - 61737 byte
SUCCESS - ***.user.veloxzone.com.br: SAM_1139.JPG - 69964 byte
SUCCESS - ***.user.veloxzone.com.br: SAM_1140.JPG - 70481 byte
SUCCESS - ***.user.veloxzone.com.br: SALA.JPG - 1279217 byte
SUCCESS - ***.user.veloxzone.com.br: SALA 2º ANGULO.JPG - 1277406 byte
SUCCESS - ***.user.veloxzone.com.br: ENTRADA.JPG - 1269915 byte
SUCCESS - ***.user.veloxzone.com.br: QUARTO.JPG - 1278901 byte
SUCCESS - ***.user.veloxzone.com.br: BANHEIRO 2º ANGULO.JPG - 1233570 byte
SUCCESS - ***.user.veloxzone.com.br: BANHEIRO.JPG - 1230764 byte
SUCCESS - ***.user.veloxzone.com.br: COZINHA 2º ANGULO.JPG - 1315482 byte
SUCCESS - ***.user.veloxzone.com.br: COZINHA.JPG - 1308489 byte
SUCCESS - ***.user.veloxzone.com.br: PEDRO CARV (10).jpg - 549553 byte
SUCCESS - ***.user.veloxzone.com.br: PEDRO CARV (11).jpg - 474536 byte
SUCCESS - ***.user.veloxzone.com.br: PEDRO CARV (12).jpg - 313430 byte
SUCCESS - ***.user.veloxzone.com.br: PEDRO CARV (13).jpg - 542953 byte
SUCCESS - ***.user.veloxzone.com.br: PEDRO CARV (14).jpg - 618017 byte
SUCCESS - ***.user.veloxzone.com.br: PEDRO CARV (16).jpg - 668491 byte
SUCCESS - ***.user.veloxzone.com.br: PEDRO CARV (17).jpg - 336457 byte
SUCCESS - ***.user.veloxzone.com.br: PEDRO CARV (18).jpg - 385950 byte
SUCCESS - ***.user.veloxzone.com.br: PEDRO CARV (19).jpg - 356290 byte
SUCCESS - ***.user.veloxzone.com.br: PEDRO CARV (20).jpg - 716454 byte
SUCCESS - ***.user.veloxzone.com.br: PEDRO CARV (21).jpg - 657039 byte
SUCCESS - ***.user.veloxzone.com.br: PEDRO CARV (25).jpg - 867061 byte
SUCCESS - ***.user.veloxzone.com.br: PEDRO CARV (26).jpg - 552069 byte
SUCCESS - ***.user.veloxzone.com.br: PEDRO CARV (27).jpg - 374874 byte
SUCCESS - ***.user.veloxzone.com.br: PEDRO CARV (28).jpg - 644161 byte
SUCCESS - ***.user.veloxzone.com.br: PEDRO CARV (29).jpg - 253266 byte
SUCCESS - ***.user.veloxzone.com.br: PEDRO CARV (30).jpg - 355513 byte
SUCCESS - ***.user.veloxzone.com.br: PEDRO CARV (38).jpg - 18430 byte
SUCCESS - ***.user.veloxzone.com.br: Foto1329.jpg - 392957 byte
SUCCESS - ***.user.veloxzone.com.br: Foto1330.jpg - 535252 byte
SUCCESS - ***.user.veloxzone.com.br: Foto1331.jpg - 328456 byte
SUCCESS - ***.user.veloxzone.com.br: Foto1332.jpg - 437543 byte
SUCCESS - ***.user.veloxzone.com.br: Foto1333.jpg - 301096 byte
SUCCESS - ***.user.veloxzone.com.br: Foto1334.jpg - 425484 byte
SUCCESS - ***.user.veloxzone.com.br: Foto1335.jpg - 421269 byte
SUCCESS - ***.user.veloxzone.com.br: Foto1336.jpg - 608945 byte
SUCCESS - ***.user.veloxzone.com.br: Foto1337.jpg - 324189 byte
SUCCESS - ***.user.veloxzone.com.br: DSC02225_2592x1944.jpg - 463746 byte
SUCCESS - ***.user.veloxzone.com.br: DSC02226_2592x1944.jpg - 439513 byte
SUCCESS - ***.user.veloxzone.com.br: DSC02229_2592x1944.jpg - 385844 byte
SUCCESS - ***.user.veloxzone.com.br: DSC02230_2592x1944.jpg - 483740 byte
SUCCESS - ***.user.veloxzone.com.br: DSC02223_1944x2592.jpg - 471759 byte
SUCCESS - ***.user.veloxzone.com.br: DSC02224_1944x2592.jpg - 447071 byte
SUCCESS - ***.user.veloxzone.com.br: DSC02227_2592x1944.jpg - 432690 byte
SUCCESS - ***.user.veloxzone.com.br: DSC02228_2592x1944.jpg - 353653 byte
SUCCESS - ***.user.veloxzone.com.br: VILAGE (1)_1944x2592.jpg - 415348 byte
SUCCESS - ***.user.veloxzone.com.br: VILAGE (3)_2592x1944.jpg - 321656 byte
SUCCESS - ***.user.veloxzone.com.br: VILAGE (4)_2592x1944.jpg - 427994 byte
SUCCESS - ***.user.veloxzone.com.br: VILAGE (5)_2592x1944.jpg - 296563 byte
SUCCESS - ***.user.veloxzone.com.br: VILAGE (6)_2592x1944.jpg - 392800 byte
SUCCESS - ***.user.veloxzone.com.br: VILAGE (7)_2592x1944.jpg - 411295 byte
SUCCESS - ***.user.veloxzone.com.br: VILAGE (8)_2592x1944.jpg - 341658 byte
SUCCESS - ***.user.veloxzone.com.br: VILAGE (9)_2592x1944.jpg - 376705 byte
SUCCESS - ***.user.veloxzone.com.br: PADRE JÓRIO (1)_2592x1944.jpg - 717767 byte
SUCCESS - ***.user.veloxzone.com.br: PADRE JÓRIO (2)_1944x2592.jpg - 435574 byte
SUCCESS - ***.user.veloxzone.com.br: PADRE JÓRIO (3)_1944x2592.jpg - 430962 byte
SUCCESS - ***.user.veloxzone.com.br: PADRE JÓRIO (4)_2592x1944.jpg - 436770 byte
SUCCESS - ***.user.veloxzone.com.br: PADRE JÓRIO (5)_2592x1944.jpg - 417048 byte
SUCCESS - ***.user.veloxzone.com.br: PADRE JÓRIO (11)_2592x1944.jpg - 435883 byte
SUCCESS - ***.user.veloxzone.com.br: PADRE JÓRIO (12)_2592x1944.jpg - 478408 byte
SUCCESS - ***.user.veloxzone.com.br: PADRE JÓRIO (13)_1944x2592.jpg - 617532 byte
SUCCESS - ***.user.veloxzone.com.br: PADRE JÓRIO (14)_1944x2592.jpg - 467280 byte
SUCCESS - ***.user.veloxzone.com.br: PADRE JÓRIO (15)_2592x1944.jpg - 388684 byte
SUCCESS - ***.user.veloxzone.com.br: TEIXEIRA FRANCO (6)_2592x1944.jpg - 281540 byte
SUCCESS - ***.user.veloxzone.com.br: TEIXEIRA FRANCO (5)_2592x1944.jpg - 277707 byte
SUCCESS - ***.user.veloxzone.com.br: TEIXEIRA FRANCO (7)_2592x1944.jpg - 228218 byte
SUCCESS - ***.user.veloxzone.com.br: TEIXEIRA FRANCO (8)_2592x1944.jpg - 300219 byte
SUCCESS - ***.user.veloxzone.com.br: TEIXEIRA FRANCO (9)_2592x1944.jpg - 271129 byte
SUCCESS - ***.user.veloxzone.com.br: TEIXEIRA FRANCO (1)_2592x1944.jpg - 328724 byte
SUCCESS - ***.user.veloxzone.com.br: TEIXEIRA FRANCO (2)_2592x1944.jpg - 382342 byte
SUCCESS - ***.user.veloxzone.com.br: TEIXEIRA FRANCO (3)_2592x1944.jpg - 266547 byte
SUCCESS - ***.user.veloxzone.com.br: TEIXEIRA FRANCO (4)_2592x1944.jpg - 341000 byte
SUCCESS - ***.user.veloxzone.com.br: PTDC0285.JPG - 323629 byte
SUCCESS - ***.user.veloxzone.com.br: PTDC0276.JPG - 231630 byte
SUCCESS - ***.user.veloxzone.com.br: PTDC0277.JPG - 239222 byte
SUCCESS - ***.user.veloxzone.com.br: PTDC0278.JPG - 305006 byte
SUCCESS - ***.user.veloxzone.com.br: PTDC0279.JPG - 206431 byte
SUCCESS - ***.user.veloxzone.com.br: PTDC0280.JPG - 266901 byte
SUCCESS - ***.user.veloxzone.com.br: PTDC0281.JPG - 218683 byte
SUCCESS - ***.user.veloxzone.com.br: PTDC0282.JPG - 205441 byte
SUCCESS - ***.user.veloxzone.com.br: PTDC0283.JPG - 291633 byte
SUCCESS - ***.user.veloxzone.com.br: PTDC0284.JPG - 233091 byte
SUCCESS - ***.user.veloxzone.com.br: sala mãe.jpg - 269450 byte
SUCCESS - ***.user.veloxzone.com.br: quarto 1 mãe.jpg - 182053 byte
SUCCESS - ***.user.veloxzone.com.br: sala 1 mãe.jpg - 178993 byte
SUCCESS - ***.user.veloxzone.com.br: área mãe.jpg - 211398 byte
SUCCESS - ***.user.veloxzone.com.br: banheiro mãe.jpg - 173336 byte
SUCCESS - ***.user.veloxzone.com.br: corredor 1 mãe.jpg - 183323 byte
SUCCESS - ***.user.veloxzone.com.br: corredor mãe.jpg - 180318 byte
SUCCESS - ***.user.veloxzone.com.br: cozinha 1 mãe.jpg - 176424 byte
SUCCESS - ***.user.veloxzone.com.br: dependencia mãe.jpg - 167693 byte
SUCCESS - ***.user.veloxzone.com.br: quarto mãe.jpg - 199684 byte
SUCCESS - ***.user.veloxzone.com.br: Albano (1).JPG - 685760 byte
SUCCESS - ***.user.veloxzone.com.br: Albano (2).JPG - 855866 byte
SUCCESS - ***.user.veloxzone.com.br: Albano (3).JPG - 643857 byte
SUCCESS - ***.user.veloxzone.com.br: Albano (4).JPG - 708858 byte
SUCCESS - ***.user.veloxzone.com.br: Albano (5).JPG - 903130 byte
SUCCESS - ***.user.veloxzone.com.br: Albano (6).JPG - 1006706 byte
SUCCESS - ***.user.veloxzone.com.br: Albano (7).JPG - 732115 byte
SUCCESS - ***.user.veloxzone.com.br: Albano (8).JPG - 718486 byte
SUCCESS - ***.user.veloxzone.com.br: Albano (9).JPG - 651217 byte
SUCCESS - ***.user.veloxzone.com.br: Albano (10).JPG - 705162 byte
SUCCESS - ***.user.veloxzone.com.br: Albano (12).JPG - 881767 byte
SUCCESS - ***.user.veloxzone.com.br: Albano (13).JPG - 933198 byte
SUCCESS - ***.user.veloxzone.com.br: Albano (14).JPG - 878087 byte
SUCCESS - ***.user.veloxzone.com.br: Albano (15).JPG - 743513 byte
SUCCESS - ***.user.veloxzone.com.br: oliva maia (3)_2592x1944.jpg - 517869 byte
SUCCESS - ***.user.veloxzone.com.br: oliva maia (1)_1944x2592.jpg - 575896 byte
SUCCESS - ***.user.veloxzone.com.br: oliva maia (2)_2592x1944.jpg - 621728 byte
SUCCESS - ***.user.veloxzone.com.br: oliva maia (4)_1944x2592.jpg - 560762 byte
SUCCESS - ***.user.veloxzone.com.br: oliva maia (5)_1944x2592.jpg - 659743 byte
SUCCESS - ***.user.veloxzone.com.br: oliva maia (6)_1944x2592.jpg - 506556 byte
SUCCESS - ***.user.veloxzone.com.br: oliva maia (7)_1944x2592.jpg - 560495 byte
SUCCESS - ***.user.veloxzone.com.br: oliva maia (8)_1944x2592.jpg - 546147 byte
SUCCESS - ***.user.veloxzone.com.br: oliva maia (9)_2592x1944.jpg - 611461 byte
SUCCESS - ***.user.veloxzone.com.br: oliva maia (10)_1944x2592.jpg - 736516 byte
SUCCESS - ***.user.veloxzone.com.br: oliva maia (11)_1944x2592.jpg - 702696 byte
SUCCESS - ***.user.veloxzone.com.br: oliva maia (12)_2592x1944.jpg - 838144 byte
SUCCESS - ***.user.veloxzone.com.br: oliva maia (14)_2592x1944.jpg - 565248 byte
SUCCESS - ***.user.veloxzone.com.br: oliva maia (15)_2592x1944.jpg - 573397 byte
SUCCESS - ***.user.veloxzone.com.br: oliva maia (16)_2592x1944.jpg - 645346 byte
SUCCESS - ***.user.veloxzone.com.br: oliva maia (17)_1944x2592.jpg - 691565 byte
SUCCESS - ***.user.veloxzone.com.br: oliva maia (18)_1944x2592.jpg - 776906 byte
SUCCESS - ***.user.veloxzone.com.br: oliva maia (19)_2592x1944.jpg - 911024 byte
SUCCESS - ***.user.veloxzone.com.br: oliva maia (20)_1944x2592.jpg - 770112 byte
SUCCESS - ***.user.veloxzone.com.br: Albano (7).JPG - 734069 byte
SUCCESS - ***.user.veloxzone.com.br: Albano (8).JPG - 713053 byte
SUCCESS - ***.user.veloxzone.com.br: Albano (13).JPG - 930125 byte
SUCCESS - ***.user.veloxzone.com.br: banheiro (2).jpg - 50360 byte
SUCCESS - ***.user.veloxzone.com.br: banheiro.jpg - 45990 byte
SUCCESS - ***.user.veloxzone.com.br: cozinha.jpg - 61087 byte
SUCCESS - ***.user.veloxzone.com.br: fachada.jpg - 72343 byte
SUCCESS - ***.user.veloxzone.com.br: quarto 01.jpg - 56872 byte
SUCCESS - ***.user.veloxzone.com.br: quarto 02.jpg - 56872 byte
SUCCESS - ***.user.veloxzone.com.br: Sala.jpg - 64961 byte
SUCCESS - ***.user.veloxzone.com.br: servidao.jpg - 71972 byte
